npm verbose cli /usr/local/bin/node /usr/local/bin/npm
npm info using npm@11.3.0
npm info using node@v22.14.0
npm verbose title npm install
npm verbose argv "install" "--legacy-peer-deps" "--loglevel" "verbose"
npm verbose logfile logs-max:10 dir:/Users/yotamjacob/.npm/_logs/2025-05-05T09_27_05_700Z-
npm verbose logfile /Users/yotamjacob/.npm/_logs/2025-05-05T09_27_05_700Z-debug-0.log
npm http cache https://registry.npmjs.org/cypress 7ms (cache hit)
npm http cache https://registry.npmjs.org/browserstack-cypress-cli 3ms (cache hit)
npm http fetch GET 200 https://registry.npmjs.org/axios-retry 263ms (cache updated)
npm http fetch GET 200 https://registry.npmjs.org/chalk 272ms (cache updated)
npm http fetch GET 200 https://registry.npmjs.org/cli-progress 275ms (cache updated)
npm http fetch GET 200 https://registry.npmjs.org/async 279ms (cache updated)
npm http fetch GET 200 https://registry.npmjs.org/archiver 283ms (cache updated)
npm http fetch GET 200 https://registry.npmjs.org/axios 290ms (cache updated)
npm http fetch GET 200 https://registry.npmjs.org/browserstack-local 323ms (cache updated)
npm http fetch GET 200 https://registry.npmjs.org/form-data 75ms (cache updated)
npm http fetch GET 200 https://registry.npmjs.org/git-repo-info 72ms (cache updated)
npm http fetch GET 200 https://registry.npmjs.org/git-last-commit 79ms (cache updated)
npm http fetch GET 200 https://registry.npmjs.org/gitconfiglocal 73ms (cache updated)
npm http fetch GET 200 https://registry.npmjs.org/fs-extra 97ms (cache updated)
npm http fetch GET 200 https://registry.npmjs.org/getmac 101ms (cache updated)
npm http fetch GET 200 https://registry.npmjs.org/glob 84ms (cache updated)
npm http fetch GET 200 https://registry.npmjs.org/mkdirp 74ms (cache updated)
npm http fetch GET 200 https://registry.npmjs.org/node-ipc 73ms (cache updated)
npm http fetch GET 200 https://registry.npmjs.org/update-notifier 71ms (cache updated)
npm http fetch GET 200 https://registry.npmjs.org/table 78ms (cache updated)
npm http fetch GET 200 https://registry.npmjs.org/uuid 86ms (cache updated)
npm http fetch GET 200 https://registry.npmjs.org/windows-release 76ms (cache updated)
npm http fetch GET 200 https://registry.npmjs.org/winston 83ms (cache updated)
npm http fetch GET 200 https://registry.npmjs.org/yargs 82ms (cache updated)
npm http cache https://registry.npmjs.org/chalk 8ms (cache hit)
npm http fetch GET 200 https://registry.npmjs.org/unzipper 83ms (cache updated)
npm http fetch GET 200 https://registry.npmjs.org/tmp 71ms (cache updated)
npm http fetch GET 200 https://registry.npmjs.org/mocha 214ms (cache updated)
npm http fetch GET 200 https://registry.npmjs.org/arch 95ms (cache updated)
npm http fetch GET 200 https://registry.npmjs.org/decompress 140ms (cache updated)
npm http fetch GET 200 https://registry.npmjs.org/debug 73ms (cache updated)
npm http fetch GET 200 https://registry.npmjs.org/execa 75ms (cache updated)
npm http fetch GET 200 https://registry.npmjs.org/getos 68ms (cache updated)
npm http fetch GET 200 https://registry.npmjs.org/dayjs 100ms (cache updated)
npm http fetch GET 200 https://registry.npmjs.org/yauzl 67ms (cache updated)
npm http fetch GET 200 https://registry.npmjs.org/buffer 78ms (cache updated)
npm http fetch GET 200 https://registry.npmjs.org/lodash 73ms (cache updated)
npm http fetch GET 200 https://registry.npmjs.org/ospath 71ms (cache updated)
npm http fetch GET 200 https://registry.npmjs.org/semver 79ms (cache updated)
npm http fetch GET 200 https://registry.npmjs.org/ci-info 68ms (cache updated)
npm http cache https://registry.npmjs.org/fs-extra 2ms (cache hit)
npm http fetch GET 200 https://registry.npmjs.org/listr2 115ms (cache updated)
npm http fetch GET 200 https://registry.npmjs.org/figures 63ms (cache updated)
npm http fetch GET 200 https://registry.npmjs.org/process 73ms (cache updated)
npm http fetch GET 200 https://registry.npmjs.org/bluebird 76ms (cache updated)
npm http fetch GET 200 https://registry.npmjs.org/cachedir 76ms (cache updated)
npm http fetch GET 200 https://registry.npmjs.org/enquirer 71ms (cache updated)
npm http fetch GET 200 https://registry.npmjs.org/lazy-ass 71ms (cache updated)
npm http fetch GET 200 https://registry.npmjs.org/minimist 67ms (cache updated)
npm http fetch GET 200 https://registry.npmjs.org/blob-util 63ms (cache updated)
npm http fetch GET 200 https://registry.npmjs.org/commander 86ms (cache updated)
npm http fetch GET 200 https://registry.npmjs.org/untildify 73ms (cache updated)
npm http fetch GET 200 https://registry.npmjs.org/tree-kill 75ms (cache updated)
npm http fetch GET 200 https://registry.npmjs.org/cli-cursor 67ms (cache updated)
npm http fetch GET 200 https://registry.npmjs.org/executable 66ms (cache updated)
npm http fetch GET 200 https://registry.npmjs.org/cli-table3 71ms (cache updated)
npm http fetch GET 200 https://registry.npmjs.org/common-tags 67ms (cache updated)
npm http fetch GET 200 https://registry.npmjs.org/extract-zip 74ms (cache updated)
npm http fetch GET 200 https://registry.npmjs.org/log-symbols 79ms (cache updated)
npm http fetch GET 200 https://registry.npmjs.org/pretty-bytes 80ms (cache updated)
npm http fetch GET 200 https://registry.npmjs.org/eventemitter2 73ms (cache updated)
npm http fetch GET 200 https://registry.npmjs.org/@types%2fsizzle 79ms (cache updated)
npm http fetch GET 200 https://registry.npmjs.org/@cypress%2fxvfb 85ms (cache updated)
npm http fetch GET 200 https://registry.npmjs.org/proxy-from-env 85ms (cache updated)
npm http fetch GET 200 https://registry.npmjs.org/supports-color 77ms (cache updated)
npm http fetch GET 200 https://registry.npmjs.org/is-installed-globally 73ms (cache updated)
npm http fetch GET 200 https://registry.npmjs.org/@types%2fsinonjs__fake-timers 78ms (cache updated)
npm http fetch GET 200 https://registry.npmjs.org/check-more-types 90ms (cache updated)
npm http fetch GET 200 https://registry.npmjs.org/request-progress 119ms (cache updated)
npm http fetch GET 200 https://registry.npmjs.org/@cypress%2frequest 126ms (cache updated)
npm http cache https://registry.npmjs.org/async 7ms (cache hit)
npm http fetch GET 200 https://registry.npmjs.org/archiver-utils 74ms (cache updated)
npm http fetch GET 200 https://registry.npmjs.org/readdir-glob 80ms (cache updated)
npm http fetch GET 200 https://registry.npmjs.org/buffer-crc32 81ms (cache updated)
npm http fetch GET 200 https://registry.npmjs.org/tar-stream 84ms (cache updated)
npm http cache https://registry.npmjs.org/proxy-from-env 10ms (cache hit)
npm http fetch GET 200 https://registry.npmjs.org/zip-stream 86ms (cache updated)
npm http fetch GET 200 https://registry.npmjs.org/follow-redirects 80ms (cache updated)
npm http fetch GET 200 https://registry.npmjs.org/readable-stream 95ms (cache updated)
npm http fetch GET 200 https://registry.npmjs.org/is-retry-allowed 79ms (cache updated)
npm http fetch GET 200 https://registry.npmjs.org/ps-tree 79ms (cache updated)
npm http fetch GET 200 https://registry.npmjs.org/agent-base 77ms (cache updated)
npm http fetch GET 200 https://registry.npmjs.org/is-running 79ms (cache updated)
npm http cache https://registry.npmjs.org/supports-color 9ms (cache hit)
npm http fetch GET 200 https://registry.npmjs.org/https-proxy-agent 79ms (cache updated)
npm http fetch GET 200 https://registry.npmjs.org/temp-fs 104ms (cache updated)
npm http fetch GET 200 https://registry.npmjs.org/@babel%2fruntime 133ms (cache updated)
npm http fetch GET 200 https://registry.npmjs.org/ansi-styles 74ms (cache updated)
npm http fetch GET 200 https://registry.npmjs.org/string-width 76ms (cache updated)
npm http fetch GET 200 https://registry.npmjs.org/decompress-tar 76ms (cache updated)
npm http fetch GET 200 https://registry.npmjs.org/decompress-targz 81ms (cache updated)
npm http fetch GET 200 https://registry.npmjs.org/decompress-unzip 81ms (cache updated)
npm http fetch GET 200 https://registry.npmjs.org/decompress-tarbz2 109ms (cache updated)
npm http fetch GET 200 https://registry.npmjs.org/graceful-fs 66ms (cache updated)
npm http fetch GET 200 https://registry.npmjs.org/make-dir 67ms (cache updated)
npm http fetch GET 200 https://registry.npmjs.org/strip-dirs 71ms (cache updated)
npm http cache https://registry.npmjs.org/graceful-fs 2ms (cache hit)
npm http fetch GET 200 https://registry.npmjs.org/pify 82ms (cache updated)
npm http fetch GET 200 https://registry.npmjs.org/asynckit 87ms (cache updated)
npm http fetch GET 200 https://registry.npmjs.org/combined-stream 74ms (cache updated)
npm http fetch GET 200 https://registry.npmjs.org/es-set-tostringtag 74ms (cache updated)
npm http fetch GET 200 https://registry.npmjs.org/jsonfile 66ms (cache updated)
npm http fetch GET 200 https://registry.npmjs.org/mime-types 88ms (cache updated)
npm http fetch GET 200 https://registry.npmjs.org/universalify 69ms (cache updated)
npm http fetch GET 200 https://registry.npmjs.org/once 72ms (cache updated)
npm http fetch GET 200 https://registry.npmjs.org/inherits 63ms (cache updated)
npm http fetch GET 200 https://registry.npmjs.org/inflight 77ms (cache updated)
npm http fetch GET 200 https://registry.npmjs.org/ini 93ms (cache updated)
npm http fetch GET 200 https://registry.npmjs.org/minimatch 71ms (cache updated)
npm http cache https://registry.npmjs.org/glob 2ms (cache hit)
npm http fetch GET 200 https://registry.npmjs.org/fs.realpath 74ms (cache updated)
npm http cache https://registry.npmjs.org/debug 4ms (cache hit)
npm http cache https://registry.npmjs.org/yargs 4ms (cache hit)
npm http fetch GET 200 https://registry.npmjs.org/path-is-absolute 74ms (cache updated)
npm http fetch GET 200 https://registry.npmjs.org/he 67ms (cache updated)
npm http cache https://registry.npmjs.org/minimatch 1ms (cache hit)
npm http fetch GET 200 https://registry.npmjs.org/ms 77ms (cache updated)
npm http fetch GET 200 https://registry.npmjs.org/diff 79ms (cache updated)
npm http cache https://registry.npmjs.org/log-symbols 2ms (cache hit)
npm http fetch GET 200 https://registry.npmjs.org/find-up 64ms (cache updated)
npm http fetch GET 200 https://registry.npmjs.org/@types%2fnode 207ms (cache updated)
npm http fetch GET 200 https://registry.npmjs.org/js-yaml 122ms (cache updated)
npm http fetch GET 200 https://registry.npmjs.org/workerpool 94ms (cache updated)
npm http fetch GET 200 https://registry.npmjs.org/ansi-colors 85ms (cache updated)
npm http fetch GET 200 https://registry.npmjs.org/chokidar 104ms (cache updated)
npm http fetch GET 200 https://registry.npmjs.org/yargs-parser 81ms (cache updated)
npm http fetch GET 200 https://registry.npmjs.org/yargs-unparser 74ms (cache updated)
npm http fetch GET 200 https://registry.npmjs.org/browser-stdout 129ms (cache updated)
npm http fetch GET 200 https://registry.npmjs.org/js-queue 70ms (cache updated)
npm http fetch GET 200 https://registry.npmjs.org/escape-string-regexp 76ms (cache updated)
npm http fetch GET 200 https://registry.npmjs.org/serialize-javascript 76ms (cache updated)
npm http cache https://registry.npmjs.org/lodash 4ms (cache hit)
npm http fetch GET 200 https://registry.npmjs.org/js-message 72ms (cache updated)
npm http cache https://registry.npmjs.org/string-width 7ms (cache hit)
npm http cache https://registry.npmjs.org/bluebird 6ms (cache hit)
npm http fetch GET 200 https://registry.npmjs.org/strip-json-comments 90ms (cache updated)
npm http fetch GET 200 https://registry.npmjs.org/event-pubsub 80ms (cache updated)
npm http fetch GET 200 https://registry.npmjs.org/duplexer2 71ms (cache updated)
npm http cache https://registry.npmjs.org/semver 2ms (cache hit)
npm http fetch GET 200 https://registry.npmjs.org/node-int64 77ms (cache updated)
npm http fetch GET 200 https://registry.npmjs.org/ajv 99ms (cache updated)
npm http fetch GET 200 https://registry.npmjs.org/slice-ansi 95ms (cache updated)
npm http fetch GET 200 https://registry.npmjs.org/boxen 84ms (cache updated)
npm http fetch GET 200 https://registry.npmjs.org/pupa 101ms (cache updated)
npm http fetch GET 200 https://registry.npmjs.org/is-npm 82ms (cache updated)
npm http cache https://registry.npmjs.org/is-installed-globally 1ms (cache hit)
npm http cache https://registry.npmjs.org/execa 3ms (cache hit)
npm http fetch GET 200 https://registry.npmjs.org/configstore 78ms (cache updated)
npm http fetch GET 200 https://registry.npmjs.org/import-lazy 73ms (cache updated)
npm http fetch GET 200 https://registry.npmjs.org/xdg-basedir 73ms (cache updated)
npm http fetch GET 200 https://registry.npmjs.org/is-in-ci 99ms (cache updated)
npm http fetch GET 200 https://registry.npmjs.org/semver-diff 85ms (cache updated)
npm http fetch GET 200 https://registry.npmjs.org/latest-version 73ms (cache updated)
npm http fetch GET 200 https://registry.npmjs.org/eyes 70ms (cache updated)
npm http cache https://registry.npmjs.org/find-up 1ms (cache hit)
npm http fetch GET 200 https://registry.npmjs.org/cycle 71ms (cache updated)
npm http fetch GET 200 https://registry.npmjs.org/stack-trace 63ms (cache updated)
npm http fetch GET 200 https://registry.npmjs.org/colors 78ms (cache updated)
npm http fetch GET 200 https://registry.npmjs.org/isstream 76ms (cache updated)
npm http cache https://registry.npmjs.org/yargs-parser 3ms (cache hit)
npm http fetch GET 200 https://registry.npmjs.org/y18n 78ms (cache updated)
npm http fetch GET 200 https://registry.npmjs.org/cliui 77ms (cache updated)
npm http fetch GET 200 https://registry.npmjs.org/decamelize 68ms (cache updated)
npm http fetch GET 200 https://registry.npmjs.org/set-blocking 78ms (cache updated)
npm http fetch GET 200 https://registry.npmjs.org/which-module 70ms (cache updated)
npm http fetch GET 200 https://registry.npmjs.org/get-caller-file 69ms (cache updated)
npm http fetch GET 200 https://registry.npmjs.org/require-directory 70ms (cache updated)
npm http fetch GET 200 https://registry.npmjs.org/require-main-filename 71ms (cache updated)
npm http fetch GET 200 https://registry.npmjs.org/lodash.defaults 75ms (cache updated)
npm http fetch GET 200 https://registry.npmjs.org/lodash.union 79ms (cache updated)
npm http fetch GET 200 https://registry.npmjs.org/lodash.isplainobject 81ms (cache updated)
npm http fetch GET 200 https://registry.npmjs.org/lodash.difference 82ms (cache updated)
npm http fetch GET 200 https://registry.npmjs.org/lazystream 84ms (cache updated)
npm http cache https://registry.npmjs.org/readable-stream 9ms (cache hit)
npm http cache https://registry.npmjs.org/inherits 8ms (cache hit)
npm http fetch GET 200 https://registry.npmjs.org/lodash.flatten 95ms (cache updated)
npm http fetch GET 200 https://registry.npmjs.org/normalize-path 96ms (cache updated)
npm http cache https://registry.npmjs.org/archiver-utils 2ms (cache hit)
npm http fetch GET 200 https://registry.npmjs.org/string_decoder 71ms (cache updated)
npm http fetch GET 200 https://registry.npmjs.org/bl 72ms (cache updated)
npm http fetch GET 200 https://registry.npmjs.org/util-deprecate 78ms (cache updated)
npm http fetch GET 200 https://registry.npmjs.org/end-of-stream 74ms (cache updated)
npm http fetch GET 200 https://registry.npmjs.org/fs-constants 75ms (cache updated)
npm http fetch GET 200 https://registry.npmjs.org/compress-commons 69ms (cache updated)
npm http cache https://registry.npmjs.org/util-deprecate 5ms (cache hit)
npm http cache https://registry.npmjs.org/string_decoder 5ms (cache hit)
npm http fetch GET 200 https://registry.npmjs.org/process-nextick-args 66ms (cache updated)
npm http fetch GET 200 https://registry.npmjs.org/isarray 69ms (cache updated)
npm http fetch GET 200 https://registry.npmjs.org/safe-buffer 70ms (cache updated)
npm http fetch GET 200 https://registry.npmjs.org/core-util-is 79ms (cache updated)
npm http fetch GET 200 https://registry.npmjs.org/rimraf 79ms (cache updated)
npm http fetch GET 200 https://registry.npmjs.org/event-stream 81ms (cache updated)
npm http fetch GET 200 https://registry.npmjs.org/has-flag 77ms (cache updated)
npm http fetch GET 200 https://registry.npmjs.org/color-convert 92ms (cache updated)
npm http fetch GET 200 https://registry.npmjs.org/color-name 70ms (cache updated)
npm http fetch GET 200 https://registry.npmjs.org/is-fullwidth-code-point 79ms (cache updated)
npm http fetch GET 200 https://registry.npmjs.org/strip-ansi 80ms (cache updated)
npm http fetch GET 200 https://registry.npmjs.org/emoji-regex 82ms (cache updated)
npm http cache https://registry.npmjs.org/combined-stream 7ms (cache hit)
npm http fetch GET 200 https://registry.npmjs.org/caseless 81ms (cache updated)
npm http fetch GET 200 https://registry.npmjs.org/extend 81ms (cache updated)
npm http fetch GET 200 https://registry.npmjs.org/forever-agent 82ms (cache updated)
npm http fetch GET 200 https://registry.npmjs.org/is-typedarray 75ms (cache updated)
npm http fetch GET 200 https://registry.npmjs.org/http-signature 83ms (cache updated)
npm http fetch GET 200 https://registry.npmjs.org/aws4 85ms (cache updated)
npm http cache https://registry.npmjs.org/isstream 9ms (cache hit)
npm http cache https://registry.npmjs.org/mime-types 8ms (cache hit)
npm http cache https://registry.npmjs.org/safe-buffer 7ms (cache hit)
npm http fetch GET 200 https://registry.npmjs.org/aws-sign2 95ms (cache updated)
npm http fetch GET 200 https://registry.npmjs.org/qs 75ms (cache updated)
npm http fetch GET 200 https://registry.npmjs.org/json-stringify-safe 81ms (cache updated)
npm http fetch GET 200 https://registry.npmjs.org/tough-cookie 75ms (cache updated)
npm http fetch GET 200 https://registry.npmjs.org/tunnel-agent 80ms (cache updated)
npm http fetch GET 200 https://registry.npmjs.org/base64-js 79ms (cache updated)
npm http fetch GET 200 https://registry.npmjs.org/performance-now 93ms (cache updated)
npm http cache https://registry.npmjs.org/ansi-colors 4ms (cache hit)
npm http fetch GET 200 https://registry.npmjs.org/lodash.once 90ms (cache updated)
npm http fetch GET 200 https://registry.npmjs.org/restore-cursor 70ms (cache updated)
npm http fetch GET 200 https://registry.npmjs.org/ieee754 77ms (cache updated)
npm http fetch GET 200 https://registry.npmjs.org/onetime 68ms (cache updated)
npm http fetch GET 200 https://registry.npmjs.org/is-stream 71ms (cache updated)
npm http fetch GET 200 https://registry.npmjs.org/get-stream 73ms (cache updated)
npm http fetch GET 200 https://registry.npmjs.org/cross-spawn 72ms (cache updated)
npm http cache https://registry.npmjs.org/pify 1ms (cache hit)
npm http cache https://registry.npmjs.org/get-stream 1ms (cache hit)
npm http fetch GET 200 https://registry.npmjs.org/@colors%2fcolors 111ms (cache updated)
npm http cache https://registry.npmjs.org/escape-string-regexp 2ms (cache hit)
npm http cache https://registry.npmjs.org/jsonfile 2ms (cache hit)
npm http cache https://registry.npmjs.org/universalify 2ms (cache hit)
npm http fetch GET 200 https://registry.npmjs.org/merge-stream 71ms (cache updated)
npm http fetch GET 200 https://registry.npmjs.org/npm-run-path 72ms (cache updated)
npm http fetch GET 200 https://registry.npmjs.org/strip-final-newline 69ms (cache updated)
npm http fetch GET 200 https://registry.npmjs.org/human-signals 79ms (cache updated)
npm http fetch GET 200 https://registry.npmjs.org/signal-exit 101ms (cache updated)
npm http fetch GET 200 https://registry.npmjs.org/@types%2fyauzl 88ms (cache updated)
npm http fetch GET 200 https://registry.npmjs.org/at-least-node 68ms (cache updated)
npm http fetch GET 200 https://registry.npmjs.org/is-path-inside 68ms (cache updated)
npm http fetch GET 200 https://registry.npmjs.org/rfdc 72ms (cache updated)
npm http fetch GET 200 https://registry.npmjs.org/p-map 65ms (cache updated)
npm http fetch GET 200 https://registry.npmjs.org/rxjs 82ms (cache updated)
npm http fetch GET 200 https://registry.npmjs.org/global-dirs 111ms (cache updated)
npm http fetch GET 200 https://registry.npmjs.org/through 73ms (cache updated)
npm http fetch GET 200 https://registry.npmjs.org/colorette 73ms (cache updated)
npm http fetch GET 200 https://registry.npmjs.org/wrap-ansi 67ms (cache updated)
npm http fetch GET 200 https://registry.npmjs.org/cli-truncate 65ms (cache updated)
npm http fetch GET 200 https://registry.npmjs.org/log-update 80ms (cache updated)
npm http fetch GET 200 https://registry.npmjs.org/is-unicode-supported 69ms (cache updated)
npm http fetch GET 200 https://registry.npmjs.org/fd-slicer 74ms (cache updated)
npm http fetch GET 200 https://registry.npmjs.org/throttleit 83ms (cache updated)
npm http fetch GET 200 https://registry.npmjs.org/assert-plus 84ms (cache updated)
npm http fetch GET 200 https://registry.npmjs.org/delayed-stream 87ms (cache updated)
npm http fetch GET 200 https://registry.npmjs.org/jsprim 87ms (cache updated)
npm http fetch GET 200 https://registry.npmjs.org/mime-db 89ms (cache updated)
npm http fetch GET 200 https://registry.npmjs.org/sshpk 92ms (cache updated)
npm http fetch GET 200 https://registry.npmjs.org/side-channel 94ms (cache updated)
npm http fetch GET 200 https://registry.npmjs.org/tldts 139ms (cache updated)
npm http cache https://registry.npmjs.org/ms 2ms (cache hit)
npm http cache https://registry.npmjs.org/is-stream 4ms (cache hit)
npm http cache https://registry.npmjs.org/is-stream 5ms (cache hit)
npm http cache https://registry.npmjs.org/tar-stream 5ms (cache hit)
npm http fetch GET 200 https://registry.npmjs.org/seek-bzip 189ms (cache updated)
npm http fetch GET 200 https://registry.npmjs.org/is-natural-number 183ms (cache updated)
npm http fetch GET 200 https://registry.npmjs.org/unbzip2-stream 190ms (cache updated)
npm http fetch GET 200 https://registry.npmjs.org/file-type 190ms (cache updated)
npm http fetch GET 200 https://registry.npmjs.org/file-type 193ms (cache updated)
npm http fetch GET 200 https://registry.npmjs.org/file-type 199ms (cache updated)
npm http fetch GET 200 https://registry.npmjs.org/file-type 201ms (cache updated)
npm http cache https://registry.npmjs.org/bl 3ms (cache hit)
npm http cache https://registry.npmjs.org/end-of-stream 3ms (cache hit)
npm http fetch GET 200 https://registry.npmjs.org/xtend 70ms (cache updated)
npm http fetch GET 200 https://registry.npmjs.org/buffer-alloc 74ms (cache updated)
npm http fetch GET 200 https://registry.npmjs.org/to-buffer 75ms (cache updated)
npm http cache https://registry.npmjs.org/commander 2ms (cache hit)
npm http fetch GET 200 https://registry.npmjs.org/pinkie-promise 79ms (cache updated)
npm http fetch GET 200 https://registry.npmjs.org/object-assign 80ms (cache updated)
npm http fetch GET 200 https://registry.npmjs.org/ansi-regex 83ms (cache updated)
npm http fetch GET 200 https://registry.npmjs.org/which 76ms (cache updated)
npm http fetch GET 200 https://registry.npmjs.org/path-key 78ms (cache updated)
npm http fetch GET 200 https://registry.npmjs.org/mimic-fn 80ms (cache updated)
npm http fetch GET 200 https://registry.npmjs.org/path-key 80ms (cache updated)
npm http fetch GET 200 https://registry.npmjs.org/pump 81ms (cache updated)
npm http fetch GET 200 https://registry.npmjs.org/shebang-command 82ms (cache updated)
npm http fetch GET 200 https://registry.npmjs.org/shebang-regex 69ms (cache updated)
npm http fetch GET 200 https://registry.npmjs.org/isexe 71ms (cache updated)
npm http cache https://registry.npmjs.org/@types%2fnode 25ms (cache hit)
npm http fetch GET 200 https://registry.npmjs.org/undici-types 67ms (cache updated)
npm http fetch GET 200 https://registry.npmjs.org/hasown 67ms (cache updated)
npm http fetch GET 200 https://registry.npmjs.org/get-intrinsic 72ms (cache updated)
npm http fetch GET 200 https://registry.npmjs.org/has-tostringtag 73ms (cache updated)
npm http fetch GET 200 https://registry.npmjs.org/es-errors 88ms (cache updated)
npm http fetch GET 200 https://registry.npmjs.org/es-define-property 68ms (cache updated)
npm http fetch GET 200 https://registry.npmjs.org/get-proto 68ms (cache updated)
npm http fetch GET 200 https://registry.npmjs.org/has-symbols 73ms (cache updated)
npm http fetch GET 200 https://registry.npmjs.org/call-bind-apply-helpers 79ms (cache updated)
npm http fetch GET 200 https://registry.npmjs.org/function-bind 80ms (cache updated)
npm http fetch GET 200 https://registry.npmjs.org/gopd 80ms (cache updated)
npm http fetch GET 200 https://registry.npmjs.org/es-object-atoms 83ms (cache updated)
npm http fetch GET 200 https://registry.npmjs.org/has-symbols 69ms (cache updated)
npm http fetch GET 200 https://registry.npmjs.org/math-intrinsics 71ms (cache updated)
npm http fetch GET 200 https://registry.npmjs.org/function-bind 75ms (cache updated)
npm http fetch GET 200 https://registry.npmjs.org/dunder-proto 75ms (cache updated)
npm http fetch GET 200 https://registry.npmjs.org/pinkie 95ms (cache updated)
npm http fetch GET 200 https://registry.npmjs.org/wrappy 75ms (cache updated)
npm http fetch GET 200 https://registry.npmjs.org/brace-expansion 76ms (cache updated)
npm http fetch GET 200 https://registry.npmjs.org/wrappy 79ms (cache updated)
npm http fetch GET 200 https://registry.npmjs.org/jsbn 73ms (cache updated)
npm http fetch GET 200 https://registry.npmjs.org/verror 74ms (cache updated)
npm http fetch GET 200 https://registry.npmjs.org/getpass 82ms (cache updated)
npm http fetch GET 200 https://registry.npmjs.org/extsprintf 85ms (cache updated)
npm http fetch GET 200 https://registry.npmjs.org/dashdash 85ms (cache updated)
npm http fetch GET 200 https://registry.npmjs.org/asn1 91ms (cache updated)
npm http fetch GET 200 https://registry.npmjs.org/json-schema 93ms (cache updated)
npm http fetch GET 200 https://registry.npmjs.org/tweetnacl 68ms (cache updated)
npm http fetch GET 200 https://registry.npmjs.org/ecc-jsbn 72ms (cache updated)
npm http fetch GET 200 https://registry.npmjs.org/bcrypt-pbkdf 88ms (cache updated)
npm http fetch GET 200 https://registry.npmjs.org/safer-buffer 87ms (cache updated)
npm http cache https://registry.npmjs.org/ini 2ms (cache hit)
npm http cache https://registry.npmjs.org/core-util-is 1ms (cache hit)
npm http cache https://registry.npmjs.org/slice-ansi 6ms (cache hit)
npm http cache https://registry.npmjs.org/wrap-ansi 7ms (cache hit)
npm http cache https://registry.npmjs.org/slice-ansi 7ms (cache hit)
npm http fetch GET 200 https://registry.npmjs.org/aggregate-error 78ms (cache updated)
npm http fetch GET 200 https://registry.npmjs.org/tslib 77ms (cache updated)
npm http fetch GET 200 https://registry.npmjs.org/ansi-escapes 90ms (cache updated)
npm http fetch GET 200 https://registry.npmjs.org/astral-regex 69ms (cache updated)
npm http fetch GET 200 https://registry.npmjs.org/type-fest 78ms (cache updated)
npm http fetch GET 200 https://registry.npmjs.org/balanced-match 74ms (cache updated)
npm http fetch GET 200 https://registry.npmjs.org/concat-map 78ms (cache updated)
npm http fetch GET 200 https://registry.npmjs.org/glob-parent 73ms (cache updated)
npm http fetch GET 200 https://registry.npmjs.org/is-glob 75ms (cache updated)
npm http fetch GET 200 https://registry.npmjs.org/braces 75ms (cache updated)
npm http fetch GET 200 https://registry.npmjs.org/readdirp 78ms (cache updated)
npm http fetch GET 200 https://registry.npmjs.org/anymatch 80ms (cache updated)
npm http cache https://registry.npmjs.org/brace-expansion 2ms (cache hit)
npm http cache https://registry.npmjs.org/y18n 1ms (cache hit)
npm http fetch GET 200 https://registry.npmjs.org/is-binary-path 84ms (cache updated)
npm http cache https://registry.npmjs.org/cliui 2ms (cache hit)
npm http cache https://registry.npmjs.org/get-caller-file 1ms (cache hit)
npm http fetch GET 200 https://registry.npmjs.org/fsevents 92ms (cache updated)
npm http cache https://registry.npmjs.org/decamelize 1ms (cache hit)
npm http fetch GET 200 https://registry.npmjs.org/path-exists 68ms (cache updated)
npm http fetch GET 200 https://registry.npmjs.org/locate-path 70ms (cache updated)
npm http fetch GET 200 https://registry.npmjs.org/randombytes 68ms (cache updated)
npm http fetch GET 200 https://registry.npmjs.org/argparse 83ms (cache updated)
npm http fetch GET 200 https://registry.npmjs.org/camelcase 72ms (cache updated)
npm http fetch GET 200 https://registry.npmjs.org/escalade 76ms (cache updated)
npm http fetch GET 200 https://registry.npmjs.org/flat 70ms (cache updated)
npm http fetch GET 200 https://registry.npmjs.org/is-plain-obj 68ms (cache updated)
npm http cache https://registry.npmjs.org/is-glob 8ms (cache hit)
npm http fetch GET 200 https://registry.npmjs.org/binary-extensions 83ms (cache updated)
npm http fetch GET 200 https://registry.npmjs.org/picomatch 85ms (cache updated)
npm http fetch GET 200 https://registry.npmjs.org/picomatch 88ms (cache updated)
npm http fetch GET 200 https://registry.npmjs.org/is-extglob 90ms (cache updated)
npm http fetch GET 200 https://registry.npmjs.org/fill-range 92ms (cache updated)
npm http fetch GET 200 https://registry.npmjs.org/to-regex-range 74ms (cache updated)
npm http fetch GET 200 https://registry.npmjs.org/is-number 114ms (cache updated)
npm http fetch GET 200 https://registry.npmjs.org/p-locate 81ms (cache updated)
npm http fetch GET 200 https://registry.npmjs.org/p-limit 81ms (cache updated)
npm http fetch GET 200 https://registry.npmjs.org/easy-stack 74ms (cache updated)
npm http fetch GET 200 https://registry.npmjs.org/yocto-queue 77ms (cache updated)
npm http fetch GET 200 https://registry.npmjs.org/indent-string 84ms (cache updated)
npm http fetch GET 200 https://registry.npmjs.org/clean-stack 86ms (cache updated)
npm http fetch GET 200 https://registry.npmjs.org/from 70ms (cache updated)
npm http fetch GET 200 https://registry.npmjs.org/split 72ms (cache updated)
npm http fetch GET 200 https://registry.npmjs.org/duplexer 81ms (cache updated)
npm http fetch GET 200 https://registry.npmjs.org/pause-stream 84ms (cache updated)
npm http fetch GET 200 https://registry.npmjs.org/stream-combiner 93ms (cache updated)
npm http fetch GET 200 https://registry.npmjs.org/map-stream 109ms (cache updated)
npm http fetch GET 200 https://registry.npmjs.org/side-channel-list 72ms (cache updated)
npm http fetch GET 200 https://registry.npmjs.org/object-inspect 74ms (cache updated)
npm http fetch GET 200 https://registry.npmjs.org/side-channel-map 80ms (cache updated)
npm http fetch GET 200 https://registry.npmjs.org/side-channel-weakmap 79ms (cache updated)
npm http fetch GET 200 https://registry.npmjs.org/call-bound 71ms (cache updated)
npm http fetch GET 200 https://registry.npmjs.org/call-bound 76ms (cache updated)
npm http cache https://registry.npmjs.org/safer-buffer 5ms (cache hit)
npm http cache https://registry.npmjs.org/safer-buffer 5ms (cache hit)
npm http cache https://registry.npmjs.org/tweetnacl 6ms (cache hit)
npm http cache https://registry.npmjs.org/astral-regex 7ms (cache hit)
npm http cache https://registry.npmjs.org/ansi-styles 8ms (cache hit)
npm http cache https://registry.npmjs.org/is-fullwidth-code-point 9ms (cache hit)
npm http cache https://registry.npmjs.org/strip-ansi 3ms (cache hit)
npm http cache https://registry.npmjs.org/emoji-regex 2ms (cache hit)
npm http fetch GET 200 https://registry.npmjs.org/fast-json-stable-stringify 75ms (cache updated)
npm http fetch GET 200 https://registry.npmjs.org/json-schema-traverse 76ms (cache updated)
npm http fetch GET 200 https://registry.npmjs.org/fast-deep-equal 78ms (cache updated)
npm http fetch GET 200 https://registry.npmjs.org/uri-js 80ms (cache updated)
npm http fetch GET 200 https://registry.npmjs.org/punycode 73ms (cache updated)
npm http fetch GET 200 https://registry.npmjs.org/tldts-core 134ms (cache updated)
npm http cache https://registry.npmjs.org/camelcase 5ms (cache hit)
npm http cache https://registry.npmjs.org/xdg-basedir 4ms (cache hit)
npm http cache https://registry.npmjs.org/type-fest 6ms (cache hit)
npm http fetch GET 200 https://registry.npmjs.org/ansi-align 74ms (cache updated)
npm http fetch GET 200 https://registry.npmjs.org/widest-line 75ms (cache updated)
npm http fetch GET 200 https://registry.npmjs.org/cli-boxes 76ms (cache updated)
npm http fetch GET 200 https://registry.npmjs.org/write-file-atomic 78ms (cache updated)
npm http fetch GET 200 https://registry.npmjs.org/dot-prop 89ms (cache updated)
npm http fetch GET 200 https://registry.npmjs.org/unique-string 113ms (cache updated)
npm http fetch GET 200 https://registry.npmjs.org/package-json 113ms (cache updated)
npm http fetch GET 200 https://registry.npmjs.org/escape-goat 72ms (cache updated)
npm http fetch GET 200 https://registry.npmjs.org/eastasianwidth 68ms (cache updated)
npm http fetch GET 200 https://registry.npmjs.org/is-obj 88ms (cache updated)
npm http fetch GET 200 https://registry.npmjs.org/crypto-random-string 87ms (cache updated)
npm http fetch GET 200 https://registry.npmjs.org/typedarray-to-buffer 88ms (cache updated)
npm http fetch GET 200 https://registry.npmjs.org/imurmurhash 89ms (cache updated)
npm http fetch GET 200 https://registry.npmjs.org/registry-auth-token 84ms (cache updated)
npm http fetch GET 200 https://registry.npmjs.org/got 91ms (cache updated)
npm http fetch GET 200 https://registry.npmjs.org/registry-url 109ms (cache updated)
npm http fetch GET 200 https://registry.npmjs.org/responselike 72ms (cache updated)
npm http fetch GET 200 https://registry.npmjs.org/lowercase-keys 82ms (cache updated)
npm http fetch GET 200 https://registry.npmjs.org/cacheable-lookup 83ms (cache updated)
npm http fetch GET 200 https://registry.npmjs.org/http2-wrapper 86ms (cache updated)
npm http fetch GET 200 https://registry.npmjs.org/p-cancelable 89ms (cache updated)
npm http fetch GET 200 https://registry.npmjs.org/@sindresorhus%2fis 96ms (cache updated)
npm http fetch GET 200 https://registry.npmjs.org/cacheable-request 110ms (cache updated)
npm http fetch GET 200 https://registry.npmjs.org/form-data-encoder 77ms (cache updated)
npm http fetch GET 200 https://registry.npmjs.org/decompress-response 74ms (cache updated)
npm http fetch GET 200 https://registry.npmjs.org/rc 70ms (cache updated)
npm http fetch GET 200 https://registry.npmjs.org/@szmarczak%2fhttp-timer 96ms (cache updated)
npm http fetch GET 200 https://registry.npmjs.org/@pnpm%2fnpm-conf 215ms (cache updated)
npm http fetch GET 200 https://registry.npmjs.org/http-cache-semantics 79ms (cache updated)
npm http fetch GET 200 https://registry.npmjs.org/mimic-response 81ms (cache updated)
npm http fetch GET 200 https://registry.npmjs.org/keyv 84ms (cache updated)
npm http fetch GET 200 https://registry.npmjs.org/normalize-url 86ms (cache updated)
npm http fetch GET 200 https://registry.npmjs.org/mimic-response 92ms (cache updated)
npm http fetch GET 200 https://registry.npmjs.org/@types%2fhttp-cache-semantics 92ms (cache updated)
npm http fetch GET 200 https://registry.npmjs.org/defer-to-connect 101ms (cache updated)
npm http fetch GET 200 https://registry.npmjs.org/quick-lru 71ms (cache updated)
npm http fetch GET 200 https://registry.npmjs.org/resolve-alpn 105ms (cache updated)
npm http fetch GET 200 https://registry.npmjs.org/json-buffer 72ms (cache updated)
npm http fetch GET 200 https://registry.npmjs.org/config-chain 82ms (cache updated)
npm http fetch GET 200 https://registry.npmjs.org/@pnpm%2fconfig.env-replace 135ms (cache updated)
npm http fetch GET 200 https://registry.npmjs.org/@pnpm%2fnetwork.ca-file 170ms (cache updated)
npm http fetch GET 200 https://registry.npmjs.org/proto-list 76ms (cache updated)
npm http cache https://registry.npmjs.org/strip-json-comments 4ms (cache hit)
npm http fetch GET 200 https://registry.npmjs.org/deep-extend 71ms (cache updated)
npm http cache https://registry.npmjs.org/human-signals 3ms (cache hit)
npm http cache https://registry.npmjs.org/locate-path 3ms (cache hit)
npm http cache https://registry.npmjs.org/ansi-regex 1ms (cache hit)
npm http fetch GET 200 https://registry.npmjs.org/pend 83ms (cache updated)
npm http fetch GET 200 https://registry.npmjs.org/crc32-stream 82ms (cache updated)
npm http fetch GET 200 https://registry.npmjs.org/crc-32 87ms (cache updated)
npm http cache https://registry.npmjs.org/color-convert 2ms (cache hit)
npm http cache https://registry.npmjs.org/color-name 2ms (cache hit)
npm http fetch GET 200 https://registry.npmjs.org/buffer-fill 72ms (cache updated)
npm http fetch GET 200 https://registry.npmjs.org/buffer-alloc-unsafe 78ms (cache updated)
npm http cache https://registry.npmjs.org/path-exists 4ms (cache hit)
npm http cache https://registry.npmjs.org/p-locate 4ms (cache hit)
npm http cache https://registry.npmjs.org/p-limit 2ms (cache hit)
npm http fetch GET 200 https://registry.npmjs.org/p-try 76ms (cache updated)
npm http cache p-try@https://registry.npmjs.org/p-try/-/p-try-2.2.0.tgz 0ms (cache hit)
npm http cache pump@https://registry.npmjs.org/pump/-/pump-3.0.2.tgz 0ms (cache hit)
npm http cache buffer-fill@https://registry.npmjs.org/buffer-fill/-/buffer-fill-1.0.0.tgz 0ms (cache hit)
npm http cache buffer-alloc-unsafe@https://registry.npmjs.org/buffer-alloc-unsafe/-/buffer-alloc-unsafe-1.1.0.tgz 0ms (cache hit)
npm http cache xtend@https://registry.npmjs.org/xtend/-/xtend-4.0.2.tgz 0ms (cache hit)
npm http cache to-buffer@https://registry.npmjs.org/to-buffer/-/to-buffer-1.1.1.tgz 0ms (cache hit)
npm http cache buffer-alloc@https://registry.npmjs.org/buffer-alloc/-/buffer-alloc-1.2.0.tgz 0ms (cache hit)
npm http cache escalade@https://registry.npmjs.org/escalade/-/escalade-3.2.0.tgz 0ms (cache hit)
npm http cache at-least-node@https://registry.npmjs.org/at-least-node/-/at-least-node-1.0.0.tgz 0ms (cache hit)
npm http cache eastasianwidth@https://registry.npmjs.org/eastasianwidth/-/eastasianwidth-0.2.0.tgz 0ms (cache hit)
npm http cache process-nextick-args@https://registry.npmjs.org/process-nextick-args/-/process-nextick-args-2.0.1.tgz 0ms (cache hit)
npm http cache isarray@https://registry.npmjs.org/isarray/-/isarray-1.0.0.tgz 0ms (cache hit)
npm http cache crc-32@https://registry.npmjs.org/crc-32/-/crc-32-1.2.2.tgz 0ms (cache hit)
npm http cache crc32-stream@https://registry.npmjs.org/crc32-stream/-/crc32-stream-4.0.3.tgz 0ms (cache hit)
npm http cache compress-commons@https://registry.npmjs.org/compress-commons/-/compress-commons-4.1.2.tgz 0ms (cache hit)
npm http cache pend@https://registry.npmjs.org/pend/-/pend-1.2.0.tgz 0ms (cache hit)
npm http cache fd-slicer@https://registry.npmjs.org/fd-slicer/-/fd-slicer-1.1.0.tgz 0ms (cache hit)
npm http cache is-plain-obj@https://registry.npmjs.org/is-plain-obj/-/is-plain-obj-2.1.0.tgz 0ms (cache hit)
npm http cache flat@https://registry.npmjs.org/flat/-/flat-5.0.2.tgz 0ms (cache hit)
npm http cache y18n@https://registry.npmjs.org/y18n/-/y18n-4.0.3.tgz 0ms (cache hit)
npm http cache which-module@https://registry.npmjs.org/which-module/-/which-module-2.0.1.tgz 0ms (cache hit)
npm http cache set-blocking@https://registry.npmjs.org/set-blocking/-/set-blocking-2.0.0.tgz 0ms (cache hit)
npm http cache require-main-filename@https://registry.npmjs.org/require-main-filename/-/require-main-filename-2.0.0.tgz 0ms (cache hit)
npm http cache require-directory@https://registry.npmjs.org/require-directory/-/require-directory-2.1.1.tgz 0ms (cache hit)
npm http cache get-caller-file@https://registry.npmjs.org/get-caller-file/-/get-caller-file-2.0.5.tgz 0ms (cache hit)
npm http cache decamelize@https://registry.npmjs.org/decamelize/-/decamelize-1.2.0.tgz 0ms (cache hit)
npm http cache cliui@https://registry.npmjs.org/cliui/-/cliui-5.0.0.tgz 0ms (cache hit)
npm http cache typedarray-to-buffer@https://registry.npmjs.org/typedarray-to-buffer/-/typedarray-to-buffer-3.1.5.tgz 0ms (cache hit)
npm http cache imurmurhash@https://registry.npmjs.org/imurmurhash/-/imurmurhash-0.1.4.tgz 0ms (cache hit)
npm http cache stack-trace@https://registry.npmjs.org/stack-trace/-/stack-trace-0.0.10.tgz 0ms (cache hit)
npm http cache eyes@https://registry.npmjs.org/eyes/-/eyes-0.1.8.tgz 0ms (cache hit)
npm http cache colors@https://registry.npmjs.org/colors/-/colors-1.0.3.tgz 0ms (cache hit)
npm http cache isexe@https://registry.npmjs.org/isexe/-/isexe-2.0.0.tgz 0ms (cache hit)
npm http cache core-util-is@https://registry.npmjs.org/core-util-is/-/core-util-is-1.0.2.tgz 0ms (cache hit)
npm http cache punycode@https://registry.npmjs.org/punycode/-/punycode-2.3.1.tgz 0ms (cache hit)
npm http cache crypto-random-string@https://registry.npmjs.org/crypto-random-string/-/crypto-random-string-4.0.0.tgz 0ms (cache hit)
npm http cache deep-extend@https://registry.npmjs.org/deep-extend/-/deep-extend-0.6.0.tgz 0ms (cache hit)
npm http cache cycle@https://registry.npmjs.org/cycle/-/cycle-1.0.3.tgz 0ms (cache hit)
npm http cache rc@https://registry.npmjs.org/rc/-/rc-1.2.8.tgz 0ms (cache hit)
npm http cache proto-list@https://registry.npmjs.org/proto-list/-/proto-list-1.2.4.tgz 0ms (cache hit)
npm http cache config-chain@https://registry.npmjs.org/config-chain/-/config-chain-1.1.13.tgz 0ms (cache hit)
npm http cache @pnpm/config.env-replace@https://registry.npmjs.org/@pnpm/config.env-replace/-/config.env-replace-1.1.0.tgz 0ms (cache hit)
npm http cache @pnpm/npm-conf@https://registry.npmjs.org/@pnpm/npm-conf/-/npm-conf-2.3.1.tgz 0ms (cache hit)
npm http cache @pnpm/network.ca-file@https://registry.npmjs.org/@pnpm/network.ca-file/-/network.ca-file-1.0.2.tgz 0ms (cache hit)
npm http cache escape-goat@https://registry.npmjs.org/escape-goat/-/escape-goat-4.0.0.tgz 0ms (cache hit)
npm http cache resolve-alpn@https://registry.npmjs.org/resolve-alpn/-/resolve-alpn-1.2.1.tgz 1ms (cache hit)
npm http cache keyv@https://registry.npmjs.org/keyv/-/keyv-4.5.4.tgz 0ms (cache hit)
npm http cache normalize-url@https://registry.npmjs.org/normalize-url/-/normalize-url-8.0.1.tgz 0ms (cache hit)
npm http cache http-cache-semantics@https://registry.npmjs.org/http-cache-semantics/-/http-cache-semantics-4.1.1.tgz 0ms (cache hit)
npm http cache json-buffer@https://registry.npmjs.org/json-buffer/-/json-buffer-3.0.1.tgz 0ms (cache hit)
npm http cache @types/http-cache-semantics@https://registry.npmjs.org/@types/http-cache-semantics/-/http-cache-semantics-4.0.4.tgz 0ms (cache hit)
npm http cache quick-lru@https://registry.npmjs.org/quick-lru/-/quick-lru-5.1.1.tgz 0ms (cache hit)
npm http cache defer-to-connect@https://registry.npmjs.org/defer-to-connect/-/defer-to-connect-2.0.1.tgz 0ms (cache hit)
npm http cache mimic-response@https://registry.npmjs.org/mimic-response/-/mimic-response-4.0.0.tgz 0ms (cache hit)
npm http cache responselike@https://registry.npmjs.org/responselike/-/responselike-3.0.0.tgz 0ms (cache hit)
npm http cache p-cancelable@https://registry.npmjs.org/p-cancelable/-/p-cancelable-3.0.0.tgz 0ms (cache hit)
npm http cache lowercase-keys@https://registry.npmjs.org/lowercase-keys/-/lowercase-keys-3.0.0.tgz 0ms (cache hit)
npm http cache form-data-encoder@https://registry.npmjs.org/form-data-encoder/-/form-data-encoder-2.1.4.tgz 0ms (cache hit)
npm http cache decompress-response@https://registry.npmjs.org/decompress-response/-/decompress-response-6.0.0.tgz 0ms (cache hit)
npm http cache http2-wrapper@https://registry.npmjs.org/http2-wrapper/-/http2-wrapper-2.2.1.tgz 0ms (cache hit)
npm http cache cacheable-request@https://registry.npmjs.org/cacheable-request/-/cacheable-request-10.2.14.tgz 0ms (cache hit)
npm http cache cacheable-lookup@https://registry.npmjs.org/cacheable-lookup/-/cacheable-lookup-7.0.0.tgz 0ms (cache hit)
npm http cache registry-url@https://registry.npmjs.org/registry-url/-/registry-url-6.0.1.tgz 0ms (cache hit)
npm http cache registry-auth-token@https://registry.npmjs.org/registry-auth-token/-/registry-auth-token-5.1.0.tgz 0ms (cache hit)
npm http cache got@https://registry.npmjs.org/got/-/got-12.6.1.tgz 0ms (cache hit)
npm http cache @szmarczak/http-timer@https://registry.npmjs.org/@szmarczak/http-timer/-/http-timer-5.0.1.tgz 0ms (cache hit)
npm http cache package-json@https://registry.npmjs.org/package-json/-/package-json-8.1.1.tgz 0ms (cache hit)
npm http cache @sindresorhus/is@https://registry.npmjs.org/@sindresorhus/is/-/is-5.6.0.tgz 0ms (cache hit)
npm http cache is-obj@https://registry.npmjs.org/is-obj/-/is-obj-2.0.0.tgz 0ms (cache hit)
npm http cache write-file-atomic@https://registry.npmjs.org/write-file-atomic/-/write-file-atomic-3.0.3.tgz 0ms (cache hit)
npm http cache unique-string@https://registry.npmjs.org/unique-string/-/unique-string-3.0.0.tgz 0ms (cache hit)
npm http cache dot-prop@https://registry.npmjs.org/dot-prop/-/dot-prop-6.0.1.tgz 0ms (cache hit)
npm http cache widest-line@https://registry.npmjs.org/widest-line/-/widest-line-4.0.1.tgz 0ms (cache hit)
npm http cache cli-boxes@https://registry.npmjs.org/cli-boxes/-/cli-boxes-3.0.0.tgz 0ms (cache hit)
npm http cache camelcase@https://registry.npmjs.org/camelcase/-/camelcase-7.0.1.tgz 0ms (cache hit)
npm http cache ansi-align@https://registry.npmjs.org/ansi-align/-/ansi-align-3.0.1.tgz 0ms (cache hit)
npm http cache xdg-basedir@https://registry.npmjs.org/xdg-basedir/-/xdg-basedir-5.1.0.tgz 0ms (cache hit)
npm http cache semver-diff@https://registry.npmjs.org/semver-diff/-/semver-diff-4.0.0.tgz 0ms (cache hit)
npm http cache pupa@https://registry.npmjs.org/pupa/-/pupa-3.1.0.tgz 0ms (cache hit)
npm http cache latest-version@https://registry.npmjs.org/latest-version/-/latest-version-7.0.0.tgz 0ms (cache hit)
npm http cache is-in-ci@https://registry.npmjs.org/is-in-ci/-/is-in-ci-0.1.0.tgz 0ms (cache hit)
npm http cache is-npm@https://registry.npmjs.org/is-npm/-/is-npm-6.0.0.tgz 0ms (cache hit)
npm http cache boxen@https://registry.npmjs.org/boxen/-/boxen-7.1.1.tgz 0ms (cache hit)
npm http cache import-lazy@https://registry.npmjs.org/import-lazy/-/import-lazy-4.0.0.tgz 0ms (cache hit)
npm http cache node-int64@https://registry.npmjs.org/node-int64/-/node-int64-0.4.0.tgz 0ms (cache hit)
npm http cache configstore@https://registry.npmjs.org/configstore/-/configstore-6.0.0.tgz 0ms (cache hit)
npm http cache duplexer2@https://registry.npmjs.org/duplexer2/-/duplexer2-0.1.4.tgz 0ms (cache hit)
npm http cache tldts-core@https://registry.npmjs.org/tldts-core/-/tldts-core-6.1.86.tgz 0ms (cache hit)
npm http cache tldts@https://registry.npmjs.org/tldts/-/tldts-6.1.86.tgz 0ms (cache hit)
npm http cache is-number@https://registry.npmjs.org/is-number/-/is-number-7.0.0.tgz 0ms (cache hit)
npm http cache fs-constants@https://registry.npmjs.org/fs-constants/-/fs-constants-1.0.0.tgz 0ms (cache hit)
npm http cache rimraf@https://registry.npmjs.org/rimraf/-/rimraf-2.5.4.tgz 0ms (cache hit)
npm http cache end-of-stream@https://registry.npmjs.org/end-of-stream/-/end-of-stream-1.4.4.tgz 0ms (cache hit)
npm http cache bl@https://registry.npmjs.org/bl/-/bl-4.1.0.tgz 0ms (cache hit)
npm http cache json-schema-traverse@https://registry.npmjs.org/json-schema-traverse/-/json-schema-traverse-0.4.1.tgz 0ms (cache hit)
npm http cache uri-js@https://registry.npmjs.org/uri-js/-/uri-js-4.4.1.tgz 0ms (cache hit)
npm http cache fast-json-stable-stringify@https://registry.npmjs.org/fast-json-stable-stringify/-/fast-json-stable-stringify-2.1.0.tgz 0ms (cache hit)
npm http cache has-flag@https://registry.npmjs.org/has-flag/-/has-flag-4.0.0.tgz 0ms (cache hit)
npm http cache is-natural-number@https://registry.npmjs.org/is-natural-number/-/is-natural-number-4.0.1.tgz 0ms (cache hit)
npm http cache fast-deep-equal@https://registry.npmjs.org/fast-deep-equal/-/fast-deep-equal-3.1.3.tgz 0ms (cache hit)
npm http cache ajv@https://registry.npmjs.org/ajv/-/ajv-6.12.6.tgz 0ms (cache hit)
npm http cache ansi-regex@https://registry.npmjs.org/ansi-regex/-/ansi-regex-5.0.1.tgz 0ms (cache hit)
npm http cache emoji-regex@https://registry.npmjs.org/emoji-regex/-/emoji-regex-8.0.0.tgz 0ms (cache hit)
npm http cache tweetnacl@https://registry.npmjs.org/tweetnacl/-/tweetnacl-0.14.5.tgz 0ms (cache hit)
npm http cache getpass@https://registry.npmjs.org/getpass/-/getpass-0.1.7.tgz 0ms (cache hit)
npm http cache jsbn@https://registry.npmjs.org/jsbn/-/jsbn-0.1.1.tgz 0ms (cache hit)
npm http cache ecc-jsbn@https://registry.npmjs.org/ecc-jsbn/-/ecc-jsbn-0.1.2.tgz 0ms (cache hit)
npm http cache dashdash@https://registry.npmjs.org/dashdash/-/dashdash-1.14.1.tgz 0ms (cache hit)
npm http cache bcrypt-pbkdf@https://registry.npmjs.org/bcrypt-pbkdf/-/bcrypt-pbkdf-1.0.2.tgz 0ms (cache hit)
npm http cache asn1@https://registry.npmjs.org/asn1/-/asn1-0.2.6.tgz 0ms (cache hit)
npm http cache astral-regex@https://registry.npmjs.org/astral-regex/-/astral-regex-2.0.0.tgz 0ms (cache hit)
npm http cache is-fullwidth-code-point@https://registry.npmjs.org/is-fullwidth-code-point/-/is-fullwidth-code-point-3.0.0.tgz 0ms (cache hit)
npm http cache call-bound@https://registry.npmjs.org/call-bound/-/call-bound-1.0.4.tgz 0ms (cache hit)
npm http cache side-channel-weakmap@https://registry.npmjs.org/side-channel-weakmap/-/side-channel-weakmap-1.0.2.tgz 0ms (cache hit)
npm http cache side-channel-map@https://registry.npmjs.org/side-channel-map/-/side-channel-map-1.0.1.tgz 0ms (cache hit)
npm http cache side-channel-list@https://registry.npmjs.org/side-channel-list/-/side-channel-list-1.0.0.tgz 0ms (cache hit)
npm http cache object-inspect@https://registry.npmjs.org/object-inspect/-/object-inspect-1.13.4.tgz 0ms (cache hit)
npm http cache shebang-regex@https://registry.npmjs.org/shebang-regex/-/shebang-regex-3.0.0.tgz 0ms (cache hit)
npm http cache throttleit@https://registry.npmjs.org/throttleit/-/throttleit-1.0.1.tgz 0ms (cache hit)
npm http cache randombytes@https://registry.npmjs.org/randombytes/-/randombytes-2.1.0.tgz 0ms (cache hit)
npm http cache tslib@https://registry.npmjs.org/tslib/-/tslib-2.8.1.tgz 0ms (cache hit)
npm http cache util-deprecate@https://registry.npmjs.org/util-deprecate/-/util-deprecate-1.0.2.tgz 0ms (cache hit)
npm http cache string_decoder@https://registry.npmjs.org/string_decoder/-/string_decoder-1.3.0.tgz 0ms (cache hit)
npm http cache side-channel@https://registry.npmjs.org/side-channel/-/side-channel-1.1.0.tgz 0ms (cache hit)
npm http cache stream-combiner@https://registry.npmjs.org/stream-combiner/-/stream-combiner-0.0.4.tgz 0ms (cache hit)
npm http cache pause-stream@https://registry.npmjs.org/pause-stream/-/pause-stream-0.0.11.tgz 0ms (cache hit)
npm http cache split@https://registry.npmjs.org/split/-/split-0.3.3.tgz 0ms (cache hit)
npm http cache map-stream@https://registry.npmjs.org/map-stream/-/map-stream-0.1.0.tgz 0ms (cache hit)
npm http cache from@https://registry.npmjs.org/from/-/from-0.1.7.tgz 0ms (cache hit)
npm http cache duplexer@https://registry.npmjs.org/duplexer/-/duplexer-0.1.2.tgz 0ms (cache hit)
npm http cache event-stream@https://registry.npmjs.org/event-stream/-/event-stream-3.3.4.tgz 0ms (cache hit)
npm http cache indent-string@https://registry.npmjs.org/indent-string/-/indent-string-4.0.0.tgz 0ms (cache hit)
npm http cache clean-stack@https://registry.npmjs.org/clean-stack/-/clean-stack-2.2.0.tgz 0ms (cache hit)
npm http cache aggregate-error@https://registry.npmjs.org/aggregate-error/-/aggregate-error-3.1.0.tgz 0ms (cache hit)
npm http cache yocto-queue@https://registry.npmjs.org/yocto-queue/-/yocto-queue-0.1.0.tgz 0ms (cache hit)
npm http cache p-limit@https://registry.npmjs.org/p-limit/-/p-limit-3.1.0.tgz 0ms (cache hit)
npm http cache pinkie@https://registry.npmjs.org/pinkie/-/pinkie-2.0.4.tgz 0ms (cache hit)
npm http cache mimic-fn@https://registry.npmjs.org/mimic-fn/-/mimic-fn-2.1.0.tgz 0ms (cache hit)
npm http cache easy-stack@https://registry.npmjs.org/easy-stack/-/easy-stack-1.0.1.tgz 0ms (cache hit)
npm http cache js-queue@https://registry.npmjs.org/js-queue/-/js-queue-2.0.0.tgz 0ms (cache hit)
npm http cache event-pubsub@https://registry.npmjs.org/event-pubsub/-/event-pubsub-4.3.0.tgz 0ms (cache hit)
npm http cache js-message@https://registry.npmjs.org/js-message/-/js-message-1.0.5.tgz 0ms (cache hit)
npm http cache is-extglob@https://registry.npmjs.org/is-extglob/-/is-extglob-2.1.1.tgz 0ms (cache hit)
npm http cache p-locate@https://registry.npmjs.org/p-locate/-/p-locate-5.0.0.tgz 0ms (cache hit)
npm http cache binary-extensions@https://registry.npmjs.org/binary-extensions/-/binary-extensions-2.3.0.tgz 0ms (cache hit)
npm http cache argparse@https://registry.npmjs.org/argparse/-/argparse-2.0.1.tgz 0ms (cache hit)
npm http cache path-exists@https://registry.npmjs.org/path-exists/-/path-exists-4.0.0.tgz 0ms (cache hit)
npm http cache locate-path@https://registry.npmjs.org/locate-path/-/locate-path-6.0.0.tgz 0ms (cache hit)
npm http cache to-regex-range@https://registry.npmjs.org/to-regex-range/-/to-regex-range-5.0.1.tgz 0ms (cache hit)
npm http cache picomatch@https://registry.npmjs.org/picomatch/-/picomatch-2.3.1.tgz 0ms (cache hit)
npm http cache fill-range@https://registry.npmjs.org/fill-range/-/fill-range-7.1.1.tgz 0ms (cache hit)
npm http cache safer-buffer@https://registry.npmjs.org/safer-buffer/-/safer-buffer-2.1.2.tgz 0ms (cache hit)
npm http cache is-glob@https://registry.npmjs.org/is-glob/-/is-glob-4.0.3.tgz 0ms (cache hit)
npm http cache fsevents@https://registry.npmjs.org/fsevents/-/fsevents-2.3.3.tgz 0ms (cache hit)
npm http cache braces@https://registry.npmjs.org/braces/-/braces-3.0.3.tgz 0ms (cache hit)
npm http cache is-binary-path@https://registry.npmjs.org/is-binary-path/-/is-binary-path-2.1.0.tgz 0ms (cache hit)
npm http cache glob-parent@https://registry.npmjs.org/glob-parent/-/glob-parent-5.1.2.tgz 0ms (cache hit)
npm http cache anymatch@https://registry.npmjs.org/anymatch/-/anymatch-3.1.3.tgz 0ms (cache hit)
npm http cache workerpool@https://registry.npmjs.org/workerpool/-/workerpool-6.5.1.tgz 0ms (cache hit)
npm http cache yargs-parser@https://registry.npmjs.org/yargs-parser/-/yargs-parser-20.2.9.tgz 0ms (cache hit)
npm http cache yargs-unparser@https://registry.npmjs.org/yargs-unparser/-/yargs-unparser-2.0.0.tgz 0ms (cache hit)
npm http cache strip-json-comments@https://registry.npmjs.org/strip-json-comments/-/strip-json-comments-3.1.1.tgz 0ms (cache hit)
npm http cache js-yaml@https://registry.npmjs.org/js-yaml/-/js-yaml-4.1.0.tgz 0ms (cache hit)
npm http cache readdirp@https://registry.npmjs.org/readdirp/-/readdirp-3.6.0.tgz 0ms (cache hit)
npm http cache he@https://registry.npmjs.org/he/-/he-1.2.0.tgz 0ms (cache hit)
npm http cache find-up@https://registry.npmjs.org/find-up/-/find-up-5.0.0.tgz 0ms (cache hit)
npm http cache serialize-javascript@https://registry.npmjs.org/serialize-javascript/-/serialize-javascript-6.0.2.tgz 0ms (cache hit)
npm http cache diff@https://registry.npmjs.org/diff/-/diff-5.2.0.tgz 0ms (cache hit)
npm http cache chokidar@https://registry.npmjs.org/chokidar/-/chokidar-3.6.0.tgz 0ms (cache hit)
npm http cache concat-map@https://registry.npmjs.org/concat-map/-/concat-map-0.0.1.tgz 0ms (cache hit)
npm http cache browser-stdout@https://registry.npmjs.org/browser-stdout/-/browser-stdout-1.3.1.tgz 0ms (cache hit)
npm http cache balanced-match@https://registry.npmjs.org/balanced-match/-/balanced-match-1.0.2.tgz 0ms (cache hit)
npm http cache brace-expansion@https://registry.npmjs.org/brace-expansion/-/brace-expansion-1.1.11.tgz 0ms (cache hit)
npm http cache mime-db@https://registry.npmjs.org/mime-db/-/mime-db-1.52.0.tgz 0ms (cache hit)
npm http cache ansi-escapes@https://registry.npmjs.org/ansi-escapes/-/ansi-escapes-4.3.2.tgz 0ms (cache hit)
npm http cache type-fest@https://registry.npmjs.org/type-fest/-/type-fest-0.21.3.tgz 0ms (cache hit)
npm http cache is-unicode-supported@https://registry.npmjs.org/is-unicode-supported/-/is-unicode-supported-0.1.0.tgz 0ms (cache hit)
npm http cache slice-ansi@https://registry.npmjs.org/slice-ansi/-/slice-ansi-3.0.0.tgz 0ms (cache hit)
npm http cache wrap-ansi@https://registry.npmjs.org/wrap-ansi/-/wrap-ansi-7.0.0.tgz 0ms (cache hit)
npm http cache through@https://registry.npmjs.org/through/-/through-2.3.8.tgz 0ms (cache hit)
npm http cache rxjs@https://registry.npmjs.org/rxjs/-/rxjs-7.8.2.tgz 0ms (cache hit)
npm http cache rfdc@https://registry.npmjs.org/rfdc/-/rfdc-1.4.1.tgz 0ms (cache hit)
npm http cache p-map@https://registry.npmjs.org/p-map/-/p-map-4.0.0.tgz 0ms (cache hit)
npm http cache log-update@https://registry.npmjs.org/log-update/-/log-update-4.0.0.tgz 0ms (cache hit)
npm http cache cli-truncate@https://registry.npmjs.org/cli-truncate/-/cli-truncate-2.1.0.tgz 0ms (cache hit)
npm http cache extsprintf@https://registry.npmjs.org/extsprintf/-/extsprintf-1.3.0.tgz 0ms (cache hit)
npm http cache colorette@https://registry.npmjs.org/colorette/-/colorette-2.0.20.tgz 0ms (cache hit)
npm http cache wrappy@https://registry.npmjs.org/wrappy/-/wrappy-1.0.2.tgz 0ms (cache hit)
npm http cache is-path-inside@https://registry.npmjs.org/is-path-inside/-/is-path-inside-3.0.3.tgz 0ms (cache hit)
npm http cache sshpk@https://registry.npmjs.org/sshpk/-/sshpk-1.18.0.tgz 0ms (cache hit)
npm http cache json-schema@https://registry.npmjs.org/json-schema/-/json-schema-0.4.0.tgz 0ms (cache hit)
npm http cache verror@https://registry.npmjs.org/verror/-/verror-1.10.0.tgz 0ms (cache hit)
npm http cache global-dirs@https://registry.npmjs.org/global-dirs/-/global-dirs-3.0.1.tgz 0ms (cache hit)
npm http cache jsprim@https://registry.npmjs.org/jsprim/-/jsprim-2.0.2.tgz 0ms (cache hit)
npm http cache once@https://registry.npmjs.org/once/-/once-1.4.0.tgz 0ms (cache hit)
npm http cache path-is-absolute@https://registry.npmjs.org/path-is-absolute/-/path-is-absolute-1.0.1.tgz 0ms (cache hit)
npm http cache minimatch@https://registry.npmjs.org/minimatch/-/minimatch-3.1.2.tgz 0ms (cache hit)
npm http cache assert-plus@https://registry.npmjs.org/assert-plus/-/assert-plus-1.0.0.tgz 0ms (cache hit)
npm http cache inherits@https://registry.npmjs.org/inherits/-/inherits-2.0.4.tgz 0ms (cache hit)
npm http cache inflight@https://registry.npmjs.org/inflight/-/inflight-1.0.6.tgz 0ms (cache hit)
npm http cache fs.realpath@https://registry.npmjs.org/fs.realpath/-/fs.realpath-1.0.0.tgz 0ms (cache hit)
npm http cache pinkie-promise@https://registry.npmjs.org/pinkie-promise/-/pinkie-promise-2.0.1.tgz 0ms (cache hit)
npm http cache dunder-proto@https://registry.npmjs.org/dunder-proto/-/dunder-proto-1.0.1.tgz 0ms (cache hit)
npm http cache object-assign@https://registry.npmjs.org/object-assign/-/object-assign-4.1.1.tgz 0ms (cache hit)
npm http cache math-intrinsics@https://registry.npmjs.org/math-intrinsics/-/math-intrinsics-1.1.0.tgz 0ms (cache hit)
npm http cache has-symbols@https://registry.npmjs.org/has-symbols/-/has-symbols-1.1.0.tgz 0ms (cache hit)
npm http cache ini@https://registry.npmjs.org/ini/-/ini-1.3.8.tgz 0ms (cache hit)
npm http cache gopd@https://registry.npmjs.org/gopd/-/gopd-1.2.0.tgz 0ms (cache hit)
npm http cache get-proto@https://registry.npmjs.org/get-proto/-/get-proto-1.0.1.tgz 0ms (cache hit)
npm http cache function-bind@https://registry.npmjs.org/function-bind/-/function-bind-1.1.2.tgz 0ms (cache hit)
npm http cache es-object-atoms@https://registry.npmjs.org/es-object-atoms/-/es-object-atoms-1.1.1.tgz 0ms (cache hit)
npm http cache es-define-property@https://registry.npmjs.org/es-define-property/-/es-define-property-1.0.1.tgz 0ms (cache hit)
npm http cache call-bind-apply-helpers@https://registry.npmjs.org/call-bind-apply-helpers/-/call-bind-apply-helpers-1.0.2.tgz 0ms (cache hit)
npm http cache universalify@https://registry.npmjs.org/universalify/-/universalify-0.1.2.tgz 0ms (cache hit)
npm http cache jsonfile@https://registry.npmjs.org/jsonfile/-/jsonfile-4.0.0.tgz 0ms (cache hit)
npm http cache hasown@https://registry.npmjs.org/hasown/-/hasown-2.0.2.tgz 0ms (cache hit)
npm http cache get-intrinsic@https://registry.npmjs.org/get-intrinsic/-/get-intrinsic-1.3.0.tgz 0ms (cache hit)
npm http cache es-errors@https://registry.npmjs.org/es-errors/-/es-errors-1.3.0.tgz 0ms (cache hit)
npm http cache es-set-tostringtag@https://registry.npmjs.org/es-set-tostringtag/-/es-set-tostringtag-2.1.0.tgz 0ms (cache hit)
npm http cache has-tostringtag@https://registry.npmjs.org/has-tostringtag/-/has-tostringtag-1.0.2.tgz 0ms (cache hit)
npm http cache asynckit@https://registry.npmjs.org/asynckit/-/asynckit-0.4.0.tgz 0ms (cache hit)
npm http cache escape-string-regexp@https://registry.npmjs.org/escape-string-regexp/-/escape-string-regexp-1.0.5.tgz 0ms (cache hit)
npm http cache undici-types@https://registry.npmjs.org/undici-types/-/undici-types-6.21.0.tgz 0ms (cache hit)
npm http cache @types/node@https://registry.npmjs.org/@types/node/-/node-22.15.3.tgz 0ms (cache hit)
npm http cache @types/yauzl@https://registry.npmjs.org/@types/yauzl/-/yauzl-2.10.3.tgz 0ms (cache hit)
npm http cache which@https://registry.npmjs.org/which/-/which-2.0.2.tgz 0ms (cache hit)
npm http cache shebang-command@https://registry.npmjs.org/shebang-command/-/shebang-command-2.0.0.tgz 0ms (cache hit)
npm http cache path-key@https://registry.npmjs.org/path-key/-/path-key-3.1.1.tgz 0ms (cache hit)
npm http cache strip-final-newline@https://registry.npmjs.org/strip-final-newline/-/strip-final-newline-2.0.0.tgz 0ms (cache hit)
npm http cache signal-exit@https://registry.npmjs.org/signal-exit/-/signal-exit-3.0.7.tgz 0ms (cache hit)
npm http cache npm-run-path@https://registry.npmjs.org/npm-run-path/-/npm-run-path-4.0.1.tgz 0ms (cache hit)
npm http cache merge-stream@https://registry.npmjs.org/merge-stream/-/merge-stream-2.0.0.tgz 0ms (cache hit)
npm http cache onetime@https://registry.npmjs.org/onetime/-/onetime-5.1.2.tgz 0ms (cache hit)
npm http cache human-signals@https://registry.npmjs.org/human-signals/-/human-signals-1.1.1.tgz 0ms (cache hit)
npm http cache cross-spawn@https://registry.npmjs.org/cross-spawn/-/cross-spawn-7.0.6.tgz 0ms (cache hit)
npm http cache strip-ansi@https://registry.npmjs.org/strip-ansi/-/strip-ansi-6.0.1.tgz 0ms (cache hit)
npm http cache ansi-colors@https://registry.npmjs.org/ansi-colors/-/ansi-colors-4.1.3.tgz 0ms (cache hit)
npm http cache get-stream@https://registry.npmjs.org/get-stream/-/get-stream-2.3.1.tgz 0ms (cache hit)
npm http cache unbzip2-stream@https://registry.npmjs.org/unbzip2-stream/-/unbzip2-stream-1.4.3.tgz 0ms (cache hit)
npm http cache seek-bzip@https://registry.npmjs.org/seek-bzip/-/seek-bzip-1.0.6.tgz 0ms (cache hit)
npm http cache is-stream@https://registry.npmjs.org/is-stream/-/is-stream-1.1.0.tgz 0ms (cache hit)
npm http cache file-type@https://registry.npmjs.org/file-type/-/file-type-5.2.0.tgz 0ms (cache hit)
npm http cache strip-dirs@https://registry.npmjs.org/strip-dirs/-/strip-dirs-2.1.0.tgz 0ms (cache hit)
npm http cache pify@https://registry.npmjs.org/pify/-/pify-2.3.0.tgz 0ms (cache hit)
npm http cache decompress-unzip@https://registry.npmjs.org/decompress-unzip/-/decompress-unzip-4.0.1.tgz 0ms (cache hit)
npm http cache decompress-tarbz2@https://registry.npmjs.org/decompress-tarbz2/-/decompress-tarbz2-4.1.1.tgz 0ms (cache hit)
npm http cache make-dir@https://registry.npmjs.org/make-dir/-/make-dir-1.3.0.tgz 0ms (cache hit)
npm http cache decompress-tar@https://registry.npmjs.org/decompress-tar/-/decompress-tar-4.1.1.tgz 0ms (cache hit)
npm http cache decompress-targz@https://registry.npmjs.org/decompress-targz/-/decompress-targz-4.1.1.tgz 0ms (cache hit)
npm http cache ms@https://registry.npmjs.org/ms/-/ms-2.1.3.tgz 0ms (cache hit)
npm http cache @colors/colors@https://registry.npmjs.org/@colors/colors/-/colors-1.5.0.tgz 0ms (cache hit)
npm http cache delayed-stream@https://registry.npmjs.org/delayed-stream/-/delayed-stream-1.0.0.tgz 0ms (cache hit)
npm http cache restore-cursor@https://registry.npmjs.org/restore-cursor/-/restore-cursor-3.1.0.tgz 0ms (cache hit)
npm http cache ieee754@https://registry.npmjs.org/ieee754/-/ieee754-1.2.1.tgz 0ms (cache hit)
npm http cache base64-js@https://registry.npmjs.org/base64-js/-/base64-js-1.5.1.tgz 0ms (cache hit)
npm http cache lodash.once@https://registry.npmjs.org/lodash.once/-/lodash.once-4.1.1.tgz 0ms (cache hit)
npm http cache tunnel-agent@https://registry.npmjs.org/tunnel-agent/-/tunnel-agent-0.6.0.tgz 0ms (cache hit)
npm http cache tough-cookie@https://registry.npmjs.org/tough-cookie/-/tough-cookie-5.1.2.tgz 0ms (cache hit)
npm http cache safe-buffer@https://registry.npmjs.org/safe-buffer/-/safe-buffer-5.2.1.tgz 0ms (cache hit)
npm http cache qs@https://registry.npmjs.org/qs/-/qs-6.14.0.tgz 0ms (cache hit)
npm http cache mime-types@https://registry.npmjs.org/mime-types/-/mime-types-2.1.35.tgz 0ms (cache hit)
npm http cache performance-now@https://registry.npmjs.org/performance-now/-/performance-now-2.1.0.tgz 0ms (cache hit)
npm http cache json-stringify-safe@https://registry.npmjs.org/json-stringify-safe/-/json-stringify-safe-5.0.1.tgz 0ms (cache hit)
npm http cache isstream@https://registry.npmjs.org/isstream/-/isstream-0.1.2.tgz 0ms (cache hit)
npm http cache is-typedarray@https://registry.npmjs.org/is-typedarray/-/is-typedarray-1.0.0.tgz 0ms (cache hit)
npm http cache http-signature@https://registry.npmjs.org/http-signature/-/http-signature-1.4.0.tgz 0ms (cache hit)
npm http cache forever-agent@https://registry.npmjs.org/forever-agent/-/forever-agent-0.6.1.tgz 0ms (cache hit)
npm http cache extend@https://registry.npmjs.org/extend/-/extend-3.0.2.tgz 0ms (cache hit)
npm http cache combined-stream@https://registry.npmjs.org/combined-stream/-/combined-stream-1.0.8.tgz 0ms (cache hit)
npm http cache aws-sign2@https://registry.npmjs.org/aws-sign2/-/aws-sign2-0.7.0.tgz 0ms (cache hit)
npm http cache yauzl@https://registry.npmjs.org/yauzl/-/yauzl-2.10.0.tgz 0ms (cache hit)
npm http cache aws4@https://registry.npmjs.org/aws4/-/aws4-1.13.2.tgz 0ms (cache hit)
npm http cache untildify@https://registry.npmjs.org/untildify/-/untildify-4.0.0.tgz 0ms (cache hit)
npm http cache tree-kill@https://registry.npmjs.org/tree-kill/-/tree-kill-1.2.2.tgz 0ms (cache hit)
npm http cache tmp@https://registry.npmjs.org/tmp/-/tmp-0.2.3.tgz 0ms (cache hit)
npm http cache semver@https://registry.npmjs.org/semver/-/semver-7.7.1.tgz 0ms (cache hit)
npm http cache caseless@https://registry.npmjs.org/caseless/-/caseless-0.12.0.tgz 0ms (cache hit)
npm http cache process@https://registry.npmjs.org/process/-/process-0.11.10.tgz 0ms (cache hit)
npm http cache ospath@https://registry.npmjs.org/ospath/-/ospath-1.2.2.tgz 0ms (cache hit)
npm http cache request-progress@https://registry.npmjs.org/request-progress/-/request-progress-3.0.0.tgz 0ms (cache hit)
npm http cache lodash@https://registry.npmjs.org/lodash/-/lodash-4.17.21.tgz 0ms (cache hit)
npm http cache minimist@https://registry.npmjs.org/minimist/-/minimist-1.2.8.tgz 0ms (cache hit)
npm http cache listr2@https://registry.npmjs.org/listr2/-/listr2-3.14.0.tgz 0ms (cache hit)
npm http cache lazy-ass@https://registry.npmjs.org/lazy-ass/-/lazy-ass-1.6.0.tgz 0ms (cache hit)
npm http cache pretty-bytes@https://registry.npmjs.org/pretty-bytes/-/pretty-bytes-5.6.0.tgz 0ms (cache hit)
npm http cache is-installed-globally@https://registry.npmjs.org/is-installed-globally/-/is-installed-globally-0.4.0.tgz 0ms (cache hit)
npm http cache log-symbols@https://registry.npmjs.org/log-symbols/-/log-symbols-4.1.0.tgz 0ms (cache hit)
npm http cache getos@https://registry.npmjs.org/getos/-/getos-3.2.1.tgz 0ms (cache hit)
npm http cache figures@https://registry.npmjs.org/figures/-/figures-3.2.0.tgz 0ms (cache hit)
npm http cache extract-zip@https://registry.npmjs.org/extract-zip/-/extract-zip-2.0.1.tgz 0ms (cache hit)
npm http cache executable@https://registry.npmjs.org/executable/-/executable-4.1.1.tgz 0ms (cache hit)
npm http cache enquirer@https://registry.npmjs.org/enquirer/-/enquirer-2.4.1.tgz 0ms (cache hit)
npm http cache eventemitter2@https://registry.npmjs.org/eventemitter2/-/eventemitter2-6.4.7.tgz 0ms (cache hit)
npm http cache dayjs@https://registry.npmjs.org/dayjs/-/dayjs-1.11.13.tgz 0ms (cache hit)
npm http cache common-tags@https://registry.npmjs.org/common-tags/-/common-tags-1.8.2.tgz 0ms (cache hit)
npm http cache commander@https://registry.npmjs.org/commander/-/commander-6.2.1.tgz 0ms (cache hit)
npm http cache execa@https://registry.npmjs.org/execa/-/execa-4.1.0.tgz 0ms (cache hit)
npm http cache cli-table3@https://registry.npmjs.org/cli-table3/-/cli-table3-0.6.5.tgz 0ms (cache hit)
npm http cache cli-cursor@https://registry.npmjs.org/cli-cursor/-/cli-cursor-3.1.0.tgz 0ms (cache hit)
npm http cache ci-info@https://registry.npmjs.org/ci-info/-/ci-info-4.2.0.tgz 0ms (cache hit)
npm http cache check-more-types@https://registry.npmjs.org/check-more-types/-/check-more-types-2.24.0.tgz 0ms (cache hit)
npm http cache cachedir@https://registry.npmjs.org/cachedir/-/cachedir-2.4.0.tgz 0ms (cache hit)
npm http cache buffer@https://registry.npmjs.org/buffer/-/buffer-5.7.1.tgz 0ms (cache hit)
npm http cache blob-util@https://registry.npmjs.org/blob-util/-/blob-util-2.0.2.tgz 0ms (cache hit)
npm http cache bluebird@https://registry.npmjs.org/bluebird/-/bluebird-3.7.2.tgz 0ms (cache hit)
npm http cache @cypress/xvfb@https://registry.npmjs.org/@cypress/xvfb/-/xvfb-1.2.4.tgz 0ms (cache hit)
npm http cache @cypress/request@https://registry.npmjs.org/@cypress/request/-/request-3.0.8.tgz 0ms (cache hit)
npm http cache @types/sinonjs__fake-timers@https://registry.npmjs.org/@types/sinonjs__fake-timers/-/sinonjs__fake-timers-8.1.1.tgz 0ms (cache hit)
npm http cache color-name@https://registry.npmjs.org/color-name/-/color-name-1.1.4.tgz 0ms (cache hit)
npm http cache string-width@https://registry.npmjs.org/string-width/-/string-width-4.2.3.tgz 0ms (cache hit)
npm http cache color-convert@https://registry.npmjs.org/color-convert/-/color-convert-2.0.1.tgz 0ms (cache hit)
npm http cache @types/sizzle@https://registry.npmjs.org/@types/sizzle/-/sizzle-2.3.9.tgz 0ms (cache hit)
npm http cache arch@https://registry.npmjs.org/arch/-/arch-2.2.0.tgz 0ms (cache hit)
npm http cache ansi-styles@https://registry.npmjs.org/ansi-styles/-/ansi-styles-4.3.0.tgz 0ms (cache hit)
npm http cache debug@https://registry.npmjs.org/debug/-/debug-4.4.0.tgz 0ms (cache hit)
npm http cache temp-fs@https://registry.npmjs.org/temp-fs/-/temp-fs-0.9.9.tgz 0ms (cache hit)
npm http cache ps-tree@https://registry.npmjs.org/ps-tree/-/ps-tree-1.2.0.tgz 0ms (cache hit)
npm http cache is-running@https://registry.npmjs.org/is-running/-/is-running-2.1.0.tgz 0ms (cache hit)
npm http cache https-proxy-agent@https://registry.npmjs.org/https-proxy-agent/-/https-proxy-agent-5.0.1.tgz 0ms (cache hit)
npm http cache agent-base@https://registry.npmjs.org/agent-base/-/agent-base-6.0.2.tgz 0ms (cache hit)
npm http cache is-retry-allowed@https://registry.npmjs.org/is-retry-allowed/-/is-retry-allowed-2.2.0.tgz 0ms (cache hit)
npm http cache supports-color@https://registry.npmjs.org/supports-color/-/supports-color-7.2.0.tgz 0ms (cache hit)
npm http cache @babel/runtime@https://registry.npmjs.org/@babel/runtime/-/runtime-7.27.1.tgz 0ms (cache hit)
npm http cache proxy-from-env@https://registry.npmjs.org/proxy-from-env/-/proxy-from-env-1.1.0.tgz 0ms (cache hit)
npm http cache lodash.union@https://registry.npmjs.org/lodash.union/-/lodash.union-4.6.0.tgz 0ms (cache hit)
npm http cache follow-redirects@https://registry.npmjs.org/follow-redirects/-/follow-redirects-1.15.9.tgz 0ms (cache hit)
npm http cache lodash.isplainobject@https://registry.npmjs.org/lodash.isplainobject/-/lodash.isplainobject-4.0.6.tgz 0ms (cache hit)
npm http cache lodash.flatten@https://registry.npmjs.org/lodash.flatten/-/lodash.flatten-4.4.0.tgz 0ms (cache hit)
npm http cache lodash.difference@https://registry.npmjs.org/lodash.difference/-/lodash.difference-4.5.0.tgz 0ms (cache hit)
npm http cache normalize-path@https://registry.npmjs.org/normalize-path/-/normalize-path-3.0.0.tgz 0ms (cache hit)
npm http cache graceful-fs@https://registry.npmjs.org/graceful-fs/-/graceful-fs-4.2.11.tgz 0ms (cache hit)
npm http cache lazystream@https://registry.npmjs.org/lazystream/-/lazystream-1.0.1.tgz 0ms (cache hit)
npm http cache lodash.defaults@https://registry.npmjs.org/lodash.defaults/-/lodash.defaults-4.2.0.tgz 0ms (cache hit)
npm http cache zip-stream@https://registry.npmjs.org/zip-stream/-/zip-stream-4.1.1.tgz 0ms (cache hit)
npm http cache tar-stream@https://registry.npmjs.org/tar-stream/-/tar-stream-2.2.0.tgz 0ms (cache hit)
npm http cache readdir-glob@https://registry.npmjs.org/readdir-glob/-/readdir-glob-1.1.3.tgz 0ms (cache hit)
npm http cache buffer-crc32@https://registry.npmjs.org/buffer-crc32/-/buffer-crc32-0.2.13.tgz 0ms (cache hit)
npm http cache archiver-utils@https://registry.npmjs.org/archiver-utils/-/archiver-utils-2.1.0.tgz 0ms (cache hit)
npm http cache readable-stream@https://registry.npmjs.org/readable-stream/-/readable-stream-3.6.2.tgz 0ms (cache hit)
npm http cache yargs@https://registry.npmjs.org/yargs/-/yargs-14.2.3.tgz 0ms (cache hit)
npm http cache winston@https://registry.npmjs.org/winston/-/winston-2.4.4.tgz 0ms (cache hit)
npm http cache windows-release@https://registry.npmjs.org/windows-release/-/windows-release-5.1.1.tgz 0ms (cache hit)
npm http cache uuid@https://registry.npmjs.org/uuid/-/uuid-8.3.2.tgz 0ms (cache hit)
npm http cache update-notifier@https://registry.npmjs.org/update-notifier/-/update-notifier-7.0.0.tgz 0ms (cache hit)
npm http cache table@https://registry.npmjs.org/table/-/table-5.4.6.tgz 0ms (cache hit)
npm http cache unzipper@https://registry.npmjs.org/unzipper/-/unzipper-0.12.3.tgz 0ms (cache hit)
npm http cache node-ipc@https://registry.npmjs.org/node-ipc/-/node-ipc-9.1.1.tgz 0ms (cache hit)
npm http cache mocha@https://registry.npmjs.org/mocha/-/mocha-10.8.2.tgz 0ms (cache hit)
npm http cache mkdirp@https://registry.npmjs.org/mkdirp/-/mkdirp-1.0.4.tgz 0ms (cache hit)
npm http cache gitconfiglocal@https://registry.npmjs.org/gitconfiglocal/-/gitconfiglocal-2.1.0.tgz 0ms (cache hit)
npm http cache glob@https://registry.npmjs.org/glob/-/glob-7.2.3.tgz 0ms (cache hit)
npm http cache git-repo-info@https://registry.npmjs.org/git-repo-info/-/git-repo-info-2.1.1.tgz 0ms (cache hit)
npm http cache git-last-commit@https://registry.npmjs.org/git-last-commit/-/git-last-commit-1.0.1.tgz 0ms (cache hit)
npm http cache form-data@https://registry.npmjs.org/form-data/-/form-data-4.0.2.tgz 0ms (cache hit)
npm http cache fs-extra@https://registry.npmjs.org/fs-extra/-/fs-extra-8.1.0.tgz 0ms (cache hit)
npm http cache decompress@https://registry.npmjs.org/decompress/-/decompress-4.2.1.tgz 0ms (cache hit)
npm http cache cli-progress@https://registry.npmjs.org/cli-progress/-/cli-progress-3.12.0.tgz 0ms (cache hit)
npm http cache chalk@https://registry.npmjs.org/chalk/-/chalk-4.1.2.tgz 0ms (cache hit)
npm http cache browserstack-local@https://registry.npmjs.org/browserstack-local/-/browserstack-local-1.5.4.tgz 0ms (cache hit)
npm http cache axios-retry@https://registry.npmjs.org/axios-retry/-/axios-retry-3.9.1.tgz 0ms (cache hit)
npm http cache getmac@https://registry.npmjs.org/getmac/-/getmac-5.20.0.tgz 0ms (cache hit)
npm http cache async@https://registry.npmjs.org/async/-/async-3.2.3.tgz 0ms (cache hit)
npm http cache archiver@https://registry.npmjs.org/archiver/-/archiver-5.3.0.tgz 0ms (cache hit)
npm http cache browserstack-cypress-cli@https://registry.npmjs.org/browserstack-cypress-cli/-/browserstack-cypress-cli-1.32.7.tgz 0ms (cache hit)
npm http cache axios@https://registry.npmjs.org/axios/-/axios-1.9.0.tgz 0ms (cache hit)
npm http cache color-name@https://registry.npmjs.org/color-name/-/color-name-1.1.3.tgz 0ms (cache hit)
npm http cache cypress@https://registry.npmjs.org/cypress/-/cypress-14.3.2.tgz 0ms (cache hit)
npm http cache ansi-styles@https://registry.npmjs.org/ansi-styles/-/ansi-styles-3.2.1.tgz 0ms (cache hit)
npm http cache color-convert@https://registry.npmjs.org/color-convert/-/color-convert-1.9.3.tgz 0ms (cache hit)
npm http cache ansi-regex@https://registry.npmjs.org/ansi-regex/-/ansi-regex-4.1.1.tgz 0ms (cache hit)
npm http cache is-fullwidth-code-point@https://registry.npmjs.org/is-fullwidth-code-point/-/is-fullwidth-code-point-2.0.0.tgz 0ms (cache hit)
npm http cache wrap-ansi@https://registry.npmjs.org/wrap-ansi/-/wrap-ansi-5.1.0.tgz 0ms (cache hit)
npm http cache emoji-regex@https://registry.npmjs.org/emoji-regex/-/emoji-regex-7.0.3.tgz 0ms (cache hit)
npm http cache type-fest@https://registry.npmjs.org/type-fest/-/type-fest-1.4.0.tgz 0ms (cache hit)
npm http cache strip-json-comments@https://registry.npmjs.org/strip-json-comments/-/strip-json-comments-2.0.1.tgz 0ms (cache hit)
npm http cache string-width@https://registry.npmjs.org/string-width/-/string-width-3.1.0.tgz 0ms (cache hit)
npm http cache get-stream@https://registry.npmjs.org/get-stream/-/get-stream-6.0.1.tgz 0ms (cache hit)
npm http cache graceful-fs@https://registry.npmjs.org/graceful-fs/-/graceful-fs-4.2.10.tgz 0ms (cache hit)
npm http cache mimic-response@https://registry.npmjs.org/mimic-response/-/mimic-response-3.1.0.tgz 0ms (cache hit)
npm http cache strip-ansi@https://registry.npmjs.org/strip-ansi/-/strip-ansi-5.2.0.tgz 0ms (cache hit)
npm http cache ansi-regex@https://registry.npmjs.org/ansi-regex/-/ansi-regex-6.1.0.tgz 0ms (cache hit)
npm http cache strip-ansi@https://registry.npmjs.org/strip-ansi/-/strip-ansi-7.1.0.tgz 0ms (cache hit)
npm http cache ansi-styles@https://registry.npmjs.org/ansi-styles/-/ansi-styles-6.2.1.tgz 0ms (cache hit)
npm http cache get-stream@https://registry.npmjs.org/get-stream/-/get-stream-6.0.1.tgz 0ms (cache hit)
npm http cache ansi-regex@https://registry.npmjs.org/ansi-regex/-/ansi-regex-6.1.0.tgz 0ms (cache hit)
npm http cache string-width@https://registry.npmjs.org/string-width/-/string-width-5.1.2.tgz 0ms (cache hit)
npm http cache emoji-regex@https://registry.npmjs.org/emoji-regex/-/emoji-regex-9.2.2.tgz 0ms (cache hit)
npm http cache strip-ansi@https://registry.npmjs.org/strip-ansi/-/strip-ansi-7.1.0.tgz 0ms (cache hit)
npm http cache wrap-ansi@https://registry.npmjs.org/wrap-ansi/-/wrap-ansi-8.1.0.tgz 0ms (cache hit)
npm http cache emoji-regex@https://registry.npmjs.org/emoji-regex/-/emoji-regex-9.2.2.tgz 0ms (cache hit)
npm http cache type-fest@https://registry.npmjs.org/type-fest/-/type-fest-2.19.0.tgz 0ms (cache hit)
npm http cache string-width@https://registry.npmjs.org/string-width/-/string-width-5.1.2.tgz 0ms (cache hit)
npm http cache chalk@https://registry.npmjs.org/chalk/-/chalk-5.4.1.tgz 0ms (cache hit)
npm http cache string_decoder@https://registry.npmjs.org/string_decoder/-/string_decoder-1.1.1.tgz 0ms (cache hit)
npm http cache safe-buffer@https://registry.npmjs.org/safe-buffer/-/safe-buffer-5.1.2.tgz 0ms (cache hit)
npm http cache readable-stream@https://registry.npmjs.org/readable-stream/-/readable-stream-2.3.8.tgz 0ms (cache hit)
npm http cache decamelize@https://registry.npmjs.org/decamelize/-/decamelize-4.0.0.tgz 0ms (cache hit)
npm http cache camelcase@https://registry.npmjs.org/camelcase/-/camelcase-6.3.0.tgz 0ms (cache hit)
npm http cache wrap-ansi@https://registry.npmjs.org/wrap-ansi/-/wrap-ansi-6.2.0.tgz 0ms (cache hit)
npm http cache slice-ansi@https://registry.npmjs.org/slice-ansi/-/slice-ansi-4.0.0.tgz 0ms (cache hit)
npm http cache ini@https://registry.npmjs.org/ini/-/ini-2.0.0.tgz 0ms (cache hit)
npm http cache commander@https://registry.npmjs.org/commander/-/commander-2.20.3.tgz 0ms (cache hit)
npm http cache file-type@https://registry.npmjs.org/file-type/-/file-type-3.9.0.tgz 0ms (cache hit)
npm http cache pify@https://registry.npmjs.org/pify/-/pify-3.0.0.tgz 0ms (cache hit)
npm http cache file-type@https://registry.npmjs.org/file-type/-/file-type-6.2.0.tgz 0ms (cache hit)
npm http cache string_decoder@https://registry.npmjs.org/string_decoder/-/string_decoder-1.1.1.tgz 0ms (cache hit)
npm http cache safe-buffer@https://registry.npmjs.org/safe-buffer/-/safe-buffer-5.1.2.tgz 0ms (cache hit)
npm http cache readable-stream@https://registry.npmjs.org/readable-stream/-/readable-stream-2.3.8.tgz 0ms (cache hit)
npm http cache get-stream@https://registry.npmjs.org/get-stream/-/get-stream-5.2.0.tgz 0ms (cache hit)
npm http cache tar-stream@https://registry.npmjs.org/tar-stream/-/tar-stream-1.6.2.tgz 0ms (cache hit)
npm http cache bl@https://registry.npmjs.org/bl/-/bl-1.2.3.tgz 0ms (cache hit)
npm http cache is-stream@https://registry.npmjs.org/is-stream/-/is-stream-2.0.1.tgz 0ms (cache hit)
npm http cache get-stream@https://registry.npmjs.org/get-stream/-/get-stream-5.2.0.tgz 0ms (cache hit)
npm http cache string_decoder@https://registry.npmjs.org/string_decoder/-/string_decoder-1.1.1.tgz 0ms (cache hit)
npm http cache debug@https://registry.npmjs.org/debug/-/debug-3.2.7.tgz 0ms (cache hit)
npm http cache readable-stream@https://registry.npmjs.org/readable-stream/-/readable-stream-2.3.8.tgz 0ms (cache hit)
npm http cache archiver-utils@https://registry.npmjs.org/archiver-utils/-/archiver-utils-3.0.4.tgz 0ms (cache hit)
npm http cache brace-expansion@https://registry.npmjs.org/brace-expansion/-/brace-expansion-2.0.1.tgz 0ms (cache hit)
npm http cache minimatch@https://registry.npmjs.org/minimatch/-/minimatch-5.1.6.tgz 0ms (cache hit)
npm http cache string_decoder@https://registry.npmjs.org/string_decoder/-/string_decoder-1.1.1.tgz 0ms (cache hit)
npm http cache safe-buffer@https://registry.npmjs.org/safe-buffer/-/safe-buffer-5.1.2.tgz 0ms (cache hit)
npm http cache safe-buffer@https://registry.npmjs.org/safe-buffer/-/safe-buffer-5.1.2.tgz 0ms (cache hit)
npm http cache readable-stream@https://registry.npmjs.org/readable-stream/-/readable-stream-2.3.8.tgz 0ms (cache hit)
npm http cache camelcase@https://registry.npmjs.org/camelcase/-/camelcase-5.3.1.tgz 0ms (cache hit)
npm http cache ansi-regex@https://registry.npmjs.org/ansi-regex/-/ansi-regex-4.1.1.tgz 0ms (cache hit)
npm http cache is-fullwidth-code-point@https://registry.npmjs.org/is-fullwidth-code-point/-/is-fullwidth-code-point-2.0.0.tgz 0ms (cache hit)
npm http cache strip-ansi@https://registry.npmjs.org/strip-ansi/-/strip-ansi-5.2.0.tgz 0ms (cache hit)
npm http cache path-exists@https://registry.npmjs.org/path-exists/-/path-exists-3.0.0.tgz 0ms (cache hit)
npm http cache p-limit@https://registry.npmjs.org/p-limit/-/p-limit-2.3.0.tgz 0ms (cache hit)
npm http cache p-locate@https://registry.npmjs.org/p-locate/-/p-locate-3.0.0.tgz 0ms (cache hit)
npm http cache locate-path@https://registry.npmjs.org/locate-path/-/locate-path-3.0.0.tgz 0ms (cache hit)
npm http cache string-width@https://registry.npmjs.org/string-width/-/string-width-3.1.0.tgz 0ms (cache hit)
npm http cache yargs-parser@https://registry.npmjs.org/yargs-parser/-/yargs-parser-15.0.3.tgz 0ms (cache hit)
npm http cache emoji-regex@https://registry.npmjs.org/emoji-regex/-/emoji-regex-7.0.3.tgz 0ms (cache hit)
npm http cache find-up@https://registry.npmjs.org/find-up/-/find-up-3.0.0.tgz 0ms (cache hit)
npm http cache async@https://registry.npmjs.org/async/-/async-1.0.0.tgz 0ms (cache hit)
npm http cache is-stream@https://registry.npmjs.org/is-stream/-/is-stream-2.0.1.tgz 0ms (cache hit)
npm http cache get-stream@https://registry.npmjs.org/get-stream/-/get-stream-6.0.1.tgz 0ms (cache hit)
npm http cache execa@https://registry.npmjs.org/execa/-/execa-5.1.1.tgz 0ms (cache hit)
npm http cache chalk@https://registry.npmjs.org/chalk/-/chalk-5.4.1.tgz 0ms (cache hit)
npm http cache human-signals@https://registry.npmjs.org/human-signals/-/human-signals-2.1.0.tgz 0ms (cache hit)
npm http cache universalify@https://registry.npmjs.org/universalify/-/universalify-2.0.1.tgz 0ms (cache hit)
npm http cache ansi-regex@https://registry.npmjs.org/ansi-regex/-/ansi-regex-4.1.1.tgz 0ms (cache hit)
npm http cache jsonfile@https://registry.npmjs.org/jsonfile/-/jsonfile-6.1.0.tgz 0ms (cache hit)
npm http cache strip-ansi@https://registry.npmjs.org/strip-ansi/-/strip-ansi-5.2.0.tgz 0ms (cache hit)
npm http cache emoji-regex@https://registry.npmjs.org/emoji-regex/-/emoji-regex-7.0.3.tgz 0ms (cache hit)
npm http cache color-name@https://registry.npmjs.org/color-name/-/color-name-1.1.3.tgz 0ms (cache hit)
npm http cache color-convert@https://registry.npmjs.org/color-convert/-/color-convert-1.9.3.tgz 0ms (cache hit)
npm http cache astral-regex@https://registry.npmjs.org/astral-regex/-/astral-regex-1.0.0.tgz 0ms (cache hit)
npm http cache is-fullwidth-code-point@https://registry.npmjs.org/is-fullwidth-code-point/-/is-fullwidth-code-point-2.0.0.tgz 0ms (cache hit)
npm http cache ansi-styles@https://registry.npmjs.org/ansi-styles/-/ansi-styles-3.2.1.tgz 0ms (cache hit)
npm http cache string-width@https://registry.npmjs.org/string-width/-/string-width-3.1.0.tgz 0ms (cache hit)
npm http cache slice-ansi@https://registry.npmjs.org/slice-ansi/-/slice-ansi-2.1.0.tgz 0ms (cache hit)
npm http cache y18n@https://registry.npmjs.org/y18n/-/y18n-5.0.8.tgz 0ms (cache hit)
npm http cache brace-expansion@https://registry.npmjs.org/brace-expansion/-/brace-expansion-2.0.1.tgz 0ms (cache hit)
npm http cache cliui@https://registry.npmjs.org/cliui/-/cliui-7.0.4.tgz 1ms (cache hit)
npm http cache yargs@https://registry.npmjs.org/yargs/-/yargs-16.2.0.tgz 0ms (cache hit)
npm http cache supports-color@https://registry.npmjs.org/supports-color/-/supports-color-8.1.1.tgz 0ms (cache hit)
npm http cache minimatch@https://registry.npmjs.org/minimatch/-/minimatch-5.1.6.tgz 0ms (cache hit)
npm http cache glob@https://registry.npmjs.org/glob/-/glob-8.1.0.tgz 0ms (cache hit)
npm http cache escape-string-regexp@https://registry.npmjs.org/escape-string-regexp/-/escape-string-regexp-4.0.0.tgz 0ms (cache hit)
npm http cache universalify@https://registry.npmjs.org/universalify/-/universalify-2.0.1.tgz 0ms (cache hit)
npm http cache jsonfile@https://registry.npmjs.org/jsonfile/-/jsonfile-6.1.0.tgz 0ms (cache hit)
npm http cache supports-color@https://registry.npmjs.org/supports-color/-/supports-color-8.1.1.tgz 0ms (cache hit)
npm http cache fs-extra@https://registry.npmjs.org/fs-extra/-/fs-extra-9.1.0.tgz 0ms (cache hit)
npm http cache @types/node@https://registry.npmjs.org/@types/node/-/node-16.18.126.tgz 0ms (cache hit)
npm http cache fs-extra@https://registry.npmjs.org/fs-extra/-/fs-extra-11.3.0.tgz 0ms (cache hit)
npm http cache proxy-from-env@https://registry.npmjs.org/proxy-from-env/-/proxy-from-env-1.0.0.tgz 0ms (cache hit)
npm http fetch POST 200 https://registry.npmjs.org/-/npm/v1/security/advisories/bulk 307ms
npm warn deprecated inflight@1.0.6: This module is not supported, and leaks memory. Do not use it. Check out lru-cache if you want a good and tested way to coalesce async requests by a key value, which is much more comprehensive and powerful.
npm warn deprecated rimraf@2.5.4: Rimraf versions prior to v4 are no longer supported
npm warn deprecated glob@7.2.3: Glob versions prior to v9 are no longer supported
npm warn deprecated glob@8.1.0: Glob versions prior to v9 are no longer supported
npm info run fsevents@2.3.3 install node_modules/fsevents node-gyp rebuild
npm info run fsevents@2.3.3 install { code: 1, signal: null }
npm verbose reify failed optional dependency /Users/yotamjacob/exactius-cypress-tests/tmpBstackPackages/node_modules/fsevents
npm info run cypress@14.3.2 postinstall node_modules/cypress node index.js --exec install
npm info run cypress@14.3.2 postinstall { code: 0, signal: null }

added 468 packages, and audited 469 packages in 10s

97 packages are looking for funding
  run `npm fund` for details

found 0 vulnerabilities
npm verbose cwd /Users/yotamjacob/exactius-cypress-tests/tmpBstackPackages
npm verbose os Darwin 24.4.0
npm verbose node v22.14.0
npm verbose npm  v11.3.0
npm verbose exit 0
npm info ok
